This file contains any messages produced by compilers while
running configure, to aid debugging if configure makes a mistake.

It was created by configure, which was
generated by GNU Autoconf 2.67.  Invocation command line was

  $ ./configure --prefix=/usr --with-gconf-schema-file-dir=/usr/share/gconf/schemas --disable-static

## --------- ##
## Platform. ##
## --------- ##

hostname = area51
uname -m = i686
uname -r = 2.6.38-ARCH
uname -s = Linux
uname -v = #1 SMP PREEMPT Wed Mar 30 07:14:27 UTC 2011

/usr/bin/uname -p = unknown
/bin/uname -X     = unknown

/bin/arch              = i686
/usr/bin/arch -k       = unknown
/usr/convex/getsysinfo = unknown
/usr/bin/hostinfo      = unknown
/bin/machine           = unknown
/usr/bin/oslevel       = unknown
/bin/universe          = unknown

PATH: /usr/local/bin
PATH: /usr/bin
PATH: /bin
PATH: /usr/local/sbin
PATH: /usr/sbin
PATH: /sbin
PATH: /opt/java/jre/bin
PATH: /usr/bin/site_perl
PATH: /usr/bin/core_perl
PATH: /opt/qt/bin


## ----------- ##
## Core tests. ##
## ----------- ##

configure:2427: checking for a BSD-compatible install
configure:2495: result: /bin/install -c
configure:2506: checking whether build environment is sane
configure:2556: result: yes
configure:2697: checking for a thread-safe mkdir -p
configure:2736: result: /bin/mkdir -p
configure:2749: checking for gawk
configure:2765: found /usr/bin/gawk
configure:2776: result: gawk
configure:2787: checking whether make sets $(MAKE)
configure:2809: result: yes
configure:2891: checking whether to enable maintainer-specific portions of Makefiles
configure:2900: result: no
configure:2927: checking whether NLS is requested
configure:2936: result: yes
configure:2952: checking for style of include used by make
configure:2980: result: GNU
configure:3050: checking for gcc
configure:3066: found /usr/bin/gcc
configure:3077: result: gcc
configure:3306: checking for C compiler version
configure:3315: gcc --version >&5
gcc (GCC) 4.5.2 20110127 (prerelease)
Copyright (C) 2010 Free Software Foundation, Inc.
This is free software; see the source for copying conditions.  There is NO
warranty; not even for MERCHANTABILITY or FITNESS FOR A PARTICULAR PURPOSE.

configure:3326: $? = 0
configure:3315: gcc -v >&5
Using built-in specs.
COLLECT_GCC=gcc
COLLECT_LTO_WRAPPER=/usr/lib/gcc/i686-pc-linux-gnu/4.5.2/lto-wrapper
Target: i686-pc-linux-gnu
Configured with: /build/src/gcc-4.5-20110127/configure --prefix=/usr --enable-languages=c,c++,fortran,objc,obj-c++,ada --enable-shared --enable-threads=posix --enable-__cxa_atexit --enable-clocale=gnu --enable-gnu-unique-object --enable-lto --enable-plugin --enable-gold --with-plugin-ld=ld.gold --disable-multilib --disable-libstdcxx-pch --with-system-zlib --with-ppl --with-cloog --with-cloog-include=/usr/include/cloog-ppl --libdir=/usr/lib --libexecdir=/usr/lib --mandir=/usr/share/man --infodir=/usr/share/info
Thread model: posix
gcc version 4.5.2 20110127 (prerelease) (GCC) 
configure:3326: $? = 0
configure:3315: gcc -V >&5
gcc: '-V' option must have argument
configure:3326: $? = 1
configure:3315: gcc -qversion >&5
gcc: unrecognized option '-qversion'
gcc: no input files
configure:3326: $? = 1
configure:3346: checking whether the C compiler works
configure:3368: gcc -march=i686 -mtune=generic -O2 -pipe  -Wl,--hash-style=gnu -Wl,--as-needed conftest.c  >&5
configure:3372: $? = 0
configure:3420: result: yes
configure:3423: checking for C compiler default output file name
configure:3425: result: a.out
configure:3431: checking for suffix of executables
configure:3438: gcc -o conftest -march=i686 -mtune=generic -O2 -pipe  -Wl,--hash-style=gnu -Wl,--as-needed conftest.c  >&5
configure:3442: $? = 0
configure:3464: result: 
configure:3486: checking whether we are cross compiling
configure:3494: gcc -o conftest -march=i686 -mtune=generic -O2 -pipe  -Wl,--hash-style=gnu -Wl,--as-needed conftest.c  >&5
configure:3498: $? = 0
configure:3505: ./conftest
configure:3509: $? = 0
configure:3524: result: no
configure:3529: checking for suffix of object files
configure:3551: gcc -c -march=i686 -mtune=generic -O2 -pipe  conftest.c >&5
configure:3555: $? = 0
configure:3576: result: o
configure:3580: checking whether we are using the GNU C compiler
configure:3599: gcc -c -march=i686 -mtune=generic -O2 -pipe  conftest.c >&5
configure:3599: $? = 0
configure:3608: result: yes
configure:3617: checking whether gcc accepts -g
configure:3637: gcc -c -g  conftest.c >&5
configure:3637: $? = 0
configure:3678: result: yes
configure:3695: checking for gcc option to accept ISO C89
configure:3759: gcc  -c -march=i686 -mtune=generic -O2 -pipe  conftest.c >&5
configure:3759: $? = 0
configure:3772: result: none needed
configure:3794: checking dependency style of gcc
configure:3904: result: gcc3
configure:3931: checking for intltool >= 0.35.0
configure:3938: result: 0.41.1 found
configure:3946: checking for intltool-update
configure:3964: found /usr/bin/intltool-update
configure:3976: result: /usr/bin/intltool-update
configure:3986: checking for intltool-merge
configure:4004: found /usr/bin/intltool-merge
configure:4016: result: /usr/bin/intltool-merge
configure:4026: checking for intltool-extract
configure:4044: found /usr/bin/intltool-extract
configure:4056: result: /usr/bin/intltool-extract
configure:4187: checking for xgettext
configure:4205: found /usr/bin/xgettext
configure:4217: result: /usr/bin/xgettext
configure:4227: checking for msgmerge
configure:4245: found /usr/bin/msgmerge
configure:4257: result: /usr/bin/msgmerge
configure:4267: checking for msgfmt
configure:4285: found /usr/bin/msgfmt
configure:4297: result: /usr/bin/msgfmt
configure:4307: checking for gmsgfmt
configure:4338: result: /usr/bin/msgfmt
configure:4358: checking for perl
configure:4376: found /usr/bin/perl
configure:4388: result: /usr/bin/perl
configure:4399: checking for perl >= 5.8.1
configure:4406: result: 5.12.3
configure:4410: checking for XML::Parser
configure:4413: result: ok
configure:4438: gcc -o conftest -march=i686 -mtune=generic -O2 -pipe  -Wl,--hash-style=gnu -Wl,--as-needed conftest.c  >&5
configure:4438: $? = 0
configure:4464: checking for library containing strerror
configure:4495: gcc -o conftest -march=i686 -mtune=generic -O2 -pipe  -Wl,--hash-style=gnu -Wl,--as-needed conftest.c  >&5
configure:4495: $? = 0
configure:4512: result: none required
configure:4568: checking for gcc
configure:4595: result: gcc
configure:4824: checking for C compiler version
configure:4833: gcc --version >&5
gcc (GCC) 4.5.2 20110127 (prerelease)
Copyright (C) 2010 Free Software Foundation, Inc.
This is free software; see the source for copying conditions.  There is NO
warranty; not even for MERCHANTABILITY or FITNESS FOR A PARTICULAR PURPOSE.

configure:4844: $? = 0
configure:4833: gcc -v >&5
Using built-in specs.
COLLECT_GCC=gcc
COLLECT_LTO_WRAPPER=/usr/lib/gcc/i686-pc-linux-gnu/4.5.2/lto-wrapper
Target: i686-pc-linux-gnu
Configured with: /build/src/gcc-4.5-20110127/configure --prefix=/usr --enable-languages=c,c++,fortran,objc,obj-c++,ada --enable-shared --enable-threads=posix --enable-__cxa_atexit --enable-clocale=gnu --enable-gnu-unique-object --enable-lto --enable-plugin --enable-gold --with-plugin-ld=ld.gold --disable-multilib --disable-libstdcxx-pch --with-system-zlib --with-ppl --with-cloog --with-cloog-include=/usr/include/cloog-ppl --libdir=/usr/lib --libexecdir=/usr/lib --mandir=/usr/share/man --infodir=/usr/share/info
Thread model: posix
gcc version 4.5.2 20110127 (prerelease) (GCC) 
configure:4844: $? = 0
configure:4833: gcc -V >&5
gcc: '-V' option must have argument
configure:4844: $? = 1
configure:4833: gcc -qversion >&5
gcc: unrecognized option '-qversion'
gcc: no input files
configure:4844: $? = 1
configure:4848: checking whether we are using the GNU C compiler
configure:4876: result: yes
configure:4885: checking whether gcc accepts -g
configure:4946: result: yes
configure:4963: checking for gcc option to accept ISO C89
configure:5040: result: none needed
configure:5062: checking dependency style of gcc
configure:5172: result: gcc3
configure:5188: checking whether gcc and cc understand -c and -o together
configure:5219: gcc -c conftest.c -o conftest2.o >&5
configure:5223: $? = 0
configure:5229: gcc -c conftest.c -o conftest2.o >&5
configure:5233: $? = 0
configure:5244: cc -c conftest.c >&5
configure:5248: $? = 0
configure:5256: cc -c conftest.c -o conftest2.o >&5
configure:5260: $? = 0
configure:5266: cc -c conftest.c -o conftest2.o >&5
configure:5270: $? = 0
configure:5288: result: yes
configure:5318: checking how to run the C preprocessor
configure:5349: gcc -E  conftest.c
configure:5349: $? = 0
configure:5363: gcc -E  conftest.c
conftest.c:11:28: fatal error: ac_nonexistent.h: No such file or directory
compilation terminated.
configure:5363: $? = 1
configure: failed program was:
| /* confdefs.h */
| #define PACKAGE_NAME ""
| #define PACKAGE_TARNAME ""
| #define PACKAGE_VERSION ""
| #define PACKAGE_STRING ""
| #define PACKAGE_BUGREPORT ""
| #define PACKAGE_URL ""
| #define PACKAGE "indicator-applet"
| #define VERSION "0.4.12"
| /* end confdefs.h.  */
| #include <ac_nonexistent.h>
configure:5388: result: gcc -E
configure:5408: gcc -E  conftest.c
configure:5408: $? = 0
configure:5422: gcc -E  conftest.c
conftest.c:11:28: fatal error: ac_nonexistent.h: No such file or directory
compilation terminated.
configure:5422: $? = 1
configure: failed program was:
| /* confdefs.h */
| #define PACKAGE_NAME ""
| #define PACKAGE_TARNAME ""
| #define PACKAGE_VERSION ""
| #define PACKAGE_STRING ""
| #define PACKAGE_BUGREPORT ""
| #define PACKAGE_URL ""
| #define PACKAGE "indicator-applet"
| #define VERSION "0.4.12"
| /* end confdefs.h.  */
| #include <ac_nonexistent.h>
configure:5451: checking for grep that handles long lines and -e
configure:5509: result: /bin/grep
configure:5514: checking for egrep
configure:5576: result: /bin/grep -E
configure:5581: checking for ANSI C header files
configure:5601: gcc -c -march=i686 -mtune=generic -O2 -pipe  conftest.c >&5
configure:5601: $? = 0
configure:5674: gcc -o conftest -march=i686 -mtune=generic -O2 -pipe  -Wl,--hash-style=gnu -Wl,--as-needed conftest.c  >&5
configure:5674: $? = 0
configure:5674: ./conftest
configure:5674: $? = 0
configure:5685: result: yes
configure:5722: checking build system type
configure:5736: result: i686-pc-linux-gnu
configure:5756: checking host system type
configure:5769: result: i686-pc-linux-gnu
configure:5789: checking for a sed that does not truncate output
configure:5853: result: /bin/sed
configure:5871: checking for fgrep
configure:5933: result: /bin/grep -F
configure:5968: checking for ld used by gcc
configure:6035: result: /usr/bin/ld
configure:6042: checking if the linker (/usr/bin/ld) is GNU ld
configure:6057: result: yes
configure:6069: checking for BSD- or MS-compatible name lister (nm)
configure:6118: result: /usr/bin/nm -B
configure:6236: checking the name lister (/usr/bin/nm -B) interface
configure:6243: gcc -c -march=i686 -mtune=generic -O2 -pipe  conftest.c >&5
configure:6246: /usr/bin/nm -B "conftest.o"
configure:6249: output
00000000 B some_variable
configure:6256: result: BSD nm
configure:6259: checking whether ln -s works
configure:6263: result: yes
configure:6271: checking the maximum length of command line arguments
configure:6391: result: 1572864
configure:6408: checking whether the shell understands some XSI constructs
configure:6418: result: yes
configure:6422: checking whether the shell understands "+="
configure:6428: result: yes
configure:6463: checking for /usr/bin/ld option to reload object files
configure:6470: result: -r
configure:6539: checking for objdump
configure:6555: found /usr/bin/objdump
configure:6566: result: objdump
configure:6598: checking how to recognize dependent libraries
configure:6794: result: pass_all
configure:6854: checking for ar
configure:6870: found /usr/bin/ar
configure:6881: result: ar
configure:6959: checking for strip
configure:6975: found /usr/bin/strip
configure:6986: result: strip
configure:7058: checking for ranlib
configure:7074: found /usr/bin/ranlib
configure:7085: result: ranlib
configure:7175: checking command to parse /usr/bin/nm -B output from gcc object
configure:7293: gcc -c -march=i686 -mtune=generic -O2 -pipe  conftest.c >&5
configure:7296: $? = 0
configure:7300: /usr/bin/nm -B conftest.o \| sed -n -e 's/^.*[	 ]\([ABCDGIRSTW][ABCDGIRSTW]*\)[	 ][	 ]*\([_A-Za-z][_A-Za-z0-9]*\)$/\1 \2 \2/p' \> conftest.nm
configure:7303: $? = 0
configure:7357: gcc -o conftest -march=i686 -mtune=generic -O2 -pipe  -Wl,--hash-style=gnu -Wl,--as-needed conftest.c conftstm.o >&5
configure:7360: $? = 0
configure:7398: result: ok
configure:8206: checking for sys/types.h
configure:8206: gcc -c -march=i686 -mtune=generic -O2 -pipe  conftest.c >&5
configure:8206: $? = 0
configure:8206: result: yes
configure:8206: checking for sys/stat.h
configure:8206: gcc -c -march=i686 -mtune=generic -O2 -pipe  conftest.c >&5
configure:8206: $? = 0
configure:8206: result: yes
configure:8206: checking for stdlib.h
configure:8206: gcc -c -march=i686 -mtune=generic -O2 -pipe  conftest.c >&5
configure:8206: $? = 0
configure:8206: result: yes
configure:8206: checking for string.h
configure:8206: gcc -c -march=i686 -mtune=generic -O2 -pipe  conftest.c >&5
configure:8206: $? = 0
configure:8206: result: yes
configure:8206: checking for memory.h
configure:8206: gcc -c -march=i686 -mtune=generic -O2 -pipe  conftest.c >&5
configure:8206: $? = 0
configure:8206: result: yes
configure:8206: checking for strings.h
configure:8206: gcc -c -march=i686 -mtune=generic -O2 -pipe  conftest.c >&5
configure:8206: $? = 0
configure:8206: result: yes
configure:8206: checking for inttypes.h
configure:8206: gcc -c -march=i686 -mtune=generic -O2 -pipe  conftest.c >&5
configure:8206: $? = 0
configure:8206: result: yes
configure:8206: checking for stdint.h
configure:8206: gcc -c -march=i686 -mtune=generic -O2 -pipe  conftest.c >&5
configure:8206: $? = 0
configure:8206: result: yes
configure:8206: checking for unistd.h
configure:8206: gcc -c -march=i686 -mtune=generic -O2 -pipe  conftest.c >&5
configure:8206: $? = 0
configure:8206: result: yes
configure:8220: checking for dlfcn.h
configure:8220: gcc -c -march=i686 -mtune=generic -O2 -pipe  conftest.c >&5
configure:8220: $? = 0
configure:8220: result: yes
configure:8404: checking for objdir
configure:8419: result: .libs
configure:8711: checking if gcc supports -fno-rtti -fno-exceptions
configure:8729: gcc -c -march=i686 -mtune=generic -O2 -pipe  -fno-rtti -fno-exceptions conftest.c >&5
cc1: warning: command line option "-fno-rtti" is valid for C++/ObjC++ but not for C
configure:8733: $? = 0
configure:8746: result: no
configure:8766: checking for gcc option to produce PIC
configure:9038: result: -fPIC -DPIC
configure:9050: checking if gcc PIC flag -fPIC -DPIC works
configure:9068: gcc -c -march=i686 -mtune=generic -O2 -pipe  -fPIC -DPIC -DPIC conftest.c >&5
configure:9072: $? = 0
configure:9085: result: yes
configure:9109: checking if gcc static flag -static works
configure:9137: result: yes
configure:9152: checking if gcc supports -c -o file.o
configure:9173: gcc -c -march=i686 -mtune=generic -O2 -pipe  -o out/conftest2.o conftest.c >&5
configure:9177: $? = 0
configure:9199: result: yes
configure:9207: checking if gcc supports -c -o file.o
configure:9254: result: yes
configure:9287: checking whether the gcc linker (/usr/bin/ld) supports shared libraries
configure:10278: result: yes
configure:10315: checking whether -lc should be explicitly linked in
configure:10320: gcc -c -march=i686 -mtune=generic -O2 -pipe  conftest.c >&5
configure:10323: $? = 0
configure:10338: gcc -shared conftest.o  -v -Wl,-soname -Wl,conftest -o conftest 2\>\&1 \| /bin/grep  -lc  \>/dev/null 2\>\&1
configure:10341: $? = 0
configure:10353: result: no
configure:10517: checking dynamic linker characteristics
configure:10950: gcc -o conftest -march=i686 -mtune=generic -O2 -pipe  -Wl,--hash-style=gnu -Wl,--as-needed -Wl,-rpath -Wl,/foo conftest.c  >&5
configure:10950: $? = 0
configure:11180: result: GNU/Linux ld.so
configure:11282: checking how to hardcode library paths into programs
configure:11307: result: immediate
configure:11827: checking whether stripping libraries is possible
configure:11832: result: yes
configure:11867: checking if libtool supports shared libraries
configure:11869: result: yes
configure:11872: checking whether to build shared libraries
configure:11893: result: yes
configure:11896: checking whether to build static libraries
configure:11900: result: no
configure:12012: checking for pkg-config
configure:12030: found /usr/bin/pkg-config
configure:12042: result: /usr/bin/pkg-config
configure:12067: checking pkg-config is at least version 0.9.0
configure:12070: result: yes
configure:12080: checking for APPLET
configure:12090: $PKG_CONFIG --exists --print-errors "gtk+-2.0 >= $GTK_REQUIRED_VERSION
                          x11
                          libpanelapplet-3.0
                          indicator >= $INDICATOR_REQUIRED_VERSION"
configure:12096: $? = 0
configure:12115: $PKG_CONFIG --exists --print-errors "gtk+-2.0 >= $GTK_REQUIRED_VERSION
                          x11
                          libpanelapplet-3.0
                          indicator >= $INDICATOR_REQUIRED_VERSION"
configure:12121: $? = 0
configure:12190: result: yes
configure:12261: checking locale.h usability
configure:12261: gcc -c -march=i686 -mtune=generic -O2 -pipe  conftest.c >&5
configure:12261: $? = 0
configure:12261: result: yes
configure:12261: checking locale.h presence
configure:12261: gcc -E  conftest.c
configure:12261: $? = 0
configure:12261: result: yes
configure:12261: checking for locale.h
configure:12261: result: yes
configure:12272: checking for LC_MESSAGES
configure:12288: gcc -o conftest -march=i686 -mtune=generic -O2 -pipe  -Wl,--hash-style=gnu -Wl,--as-needed conftest.c  >&5
configure:12288: $? = 0
configure:12296: result: yes
configure:12313: checking libintl.h usability
configure:12313: gcc -c -march=i686 -mtune=generic -O2 -pipe  conftest.c >&5
configure:12313: $? = 0
configure:12313: result: yes
configure:12313: checking libintl.h presence
configure:12313: gcc -E  conftest.c
configure:12313: $? = 0
configure:12313: result: yes
configure:12313: checking for libintl.h
configure:12313: result: yes
configure:12321: checking for ngettext in libc
configure:12339: gcc -o conftest -march=i686 -mtune=generic -O2 -pipe  -Wl,--hash-style=gnu -Wl,--as-needed conftest.c  >&5
configure:12339: $? = 0
configure:12348: result: yes
configure:12352: checking for dgettext in libc
configure:12370: gcc -o conftest -march=i686 -mtune=generic -O2 -pipe  -Wl,--hash-style=gnu -Wl,--as-needed conftest.c  >&5
configure:12370: $? = 0
configure:12379: result: yes
configure:12386: checking for bind_textdomain_codeset
configure:12386: gcc -o conftest -march=i686 -mtune=generic -O2 -pipe  -Wl,--hash-style=gnu -Wl,--as-needed conftest.c  >&5
configure:12386: $? = 0
configure:12386: result: yes
configure:12662: checking for msgfmt
configure:12689: result: /usr/bin/msgfmt
configure:12700: checking for dcgettext
configure:12700: gcc -o conftest -march=i686 -mtune=generic -O2 -pipe  -Wl,--hash-style=gnu -Wl,--as-needed conftest.c   >&5
conftest.c:52:6: warning: conflicting types for built-in function 'dcgettext'
configure:12700: $? = 0
configure:12700: result: yes
configure:12710: checking if msgfmt accepts -c
configure:12725: $MSGFMT -c -o /dev/null conftest.foo
configure:12728: $? = 0
configure:12730: result: yes
configure:12740: checking for gmsgfmt
configure:12771: result: /usr/bin/msgfmt
configure:12781: checking for xgettext
configure:12808: result: /usr/bin/xgettext
configure:12827: gcc -o conftest -march=i686 -mtune=generic -O2 -pipe  -Wl,--hash-style=gnu -Wl,--as-needed conftest.c   >&5
configure:12827: $? = 0
configure:12905: checking for catalogs to be installed
configure:12930: result:  af am an ar ast az be bg bn br bs ca ca@valencia crh csb cs cv cy da de dv el en_AU en_CA en_GB eo es et eu fa fi fr fur fy gl gv he hi hr hu hy id is it ja ka kk km kn ko ku la lb lt lv mk ml mr ms nb ne nl nn oc pa pl pt_BR pt ro ru sc sd si sk sl sq sr sv ta te th tr ug uk ur vec vi zh_CN zh_HK zh_TW
configure:13164: creating ./config.status

## ---------------------- ##
## Running config.status. ##
## ---------------------- ##

This file was extended by config.status, which was
generated by GNU Autoconf 2.67.  Invocation command line was

  CONFIG_FILES    = 
  CONFIG_HEADERS  = 
  CONFIG_LINKS    = 
  CONFIG_COMMANDS = 
  $ ./config.status 

on area51

config.status:1178: creating Makefile
config.status:1178: creating src/Makefile
config.status:1178: creating data/Makefile
config.status:1178: creating po/Makefile.in
config.status:1178: creating config.h
config.status:1406: executing depfiles commands
config.status:1406: executing libtool commands
config.status:1406: executing default-1 commands
config.status:1406: executing po/stamp-it commands
configure:15406: WARNING: unrecognized options: --with-gconf-schema-file-dir
configure:15420:

Indicator Applet Configuration:

	Prefix:                 /usr


## ---------------- ##
## Cache variables. ##
## ---------------- ##

ac_cv_build=i686-pc-linux-gnu
ac_cv_c_compiler_gnu=yes
ac_cv_env_APPLET_CFLAGS_set=
ac_cv_env_APPLET_CFLAGS_value=
ac_cv_env_APPLET_LIBS_set=
ac_cv_env_APPLET_LIBS_value=
ac_cv_env_CC_set=
ac_cv_env_CC_value=
ac_cv_env_CFLAGS_set=set
ac_cv_env_CFLAGS_value='-march=i686 -mtune=generic -O2 -pipe'
ac_cv_env_CPPFLAGS_set=
ac_cv_env_CPPFLAGS_value=
ac_cv_env_CPP_set=
ac_cv_env_CPP_value=
ac_cv_env_LDFLAGS_set=set
ac_cv_env_LDFLAGS_value='-Wl,--hash-style=gnu -Wl,--as-needed'
ac_cv_env_LIBS_set=
ac_cv_env_LIBS_value=
ac_cv_env_PKG_CONFIG_LIBDIR_set=
ac_cv_env_PKG_CONFIG_LIBDIR_value=
ac_cv_env_PKG_CONFIG_PATH_set=set
ac_cv_env_PKG_CONFIG_PATH_value=:/opt/qt/lib/pkgconfig
ac_cv_env_PKG_CONFIG_set=
ac_cv_env_PKG_CONFIG_value=
ac_cv_env_build_alias_set=
ac_cv_env_build_alias_value=
ac_cv_env_host_alias_set=
ac_cv_env_host_alias_value=
ac_cv_env_target_alias_set=
ac_cv_env_target_alias_value=
ac_cv_func_bind_textdomain_codeset=yes
ac_cv_func_dcgettext=yes
ac_cv_header_dlfcn_h=yes
ac_cv_header_inttypes_h=yes
ac_cv_header_libintl_h=yes
ac_cv_header_locale_h=yes
ac_cv_header_memory_h=yes
ac_cv_header_stdc=yes
ac_cv_header_stdint_h=yes
ac_cv_header_stdlib_h=yes
ac_cv_header_string_h=yes
ac_cv_header_strings_h=yes
ac_cv_header_sys_stat_h=yes
ac_cv_header_sys_types_h=yes
ac_cv_header_unistd_h=yes
ac_cv_host=i686-pc-linux-gnu
ac_cv_objext=o
ac_cv_path_EGREP='/bin/grep -E'
ac_cv_path_FGREP='/bin/grep -F'
ac_cv_path_GMSGFMT=/usr/bin/msgfmt
ac_cv_path_GREP=/bin/grep
ac_cv_path_INTLTOOL_EXTRACT=/usr/bin/intltool-extract
ac_cv_path_INTLTOOL_MERGE=/usr/bin/intltool-merge
ac_cv_path_INTLTOOL_PERL=/usr/bin/perl
ac_cv_path_INTLTOOL_UPDATE=/usr/bin/intltool-update
ac_cv_path_MSGFMT=/usr/bin/msgfmt
ac_cv_path_MSGMERGE=/usr/bin/msgmerge
ac_cv_path_SED=/bin/sed
ac_cv_path_XGETTEXT=/usr/bin/xgettext
ac_cv_path_ac_pt_PKG_CONFIG=/usr/bin/pkg-config
ac_cv_path_install='/bin/install -c'
ac_cv_path_mkdir=/bin/mkdir
ac_cv_prog_AWK=gawk
ac_cv_prog_CPP='gcc -E'
ac_cv_prog_ac_ct_AR=ar
ac_cv_prog_ac_ct_CC=gcc
ac_cv_prog_ac_ct_OBJDUMP=objdump
ac_cv_prog_ac_ct_RANLIB=ranlib
ac_cv_prog_ac_ct_STRIP=strip
ac_cv_prog_cc_c89=
ac_cv_prog_cc_g=yes
ac_cv_prog_cc_gcc_c_o=yes
ac_cv_prog_make_make_set=yes
ac_cv_search_strerror='none required'
am_cv_CC_dependencies_compiler_type=gcc3
am_cv_val_LC_MESSAGES=yes
gt_cv_func_dgettext_libc=yes
gt_cv_func_dgettext_libintl=no
gt_cv_func_ngettext_libc=yes
gt_cv_have_gettext=yes
lt_cv_deplibs_check_method=pass_all
lt_cv_file_magic_cmd='$MAGIC_CMD'
lt_cv_file_magic_test_file=
lt_cv_ld_reload_flag=-r
lt_cv_nm_interface='BSD nm'
lt_cv_objdir=.libs
lt_cv_path_LD=/usr/bin/ld
lt_cv_path_NM='/usr/bin/nm -B'
lt_cv_prog_compiler_c_o=yes
lt_cv_prog_compiler_pic_works=yes
lt_cv_prog_compiler_rtti_exceptions=no
lt_cv_prog_compiler_static_works=yes
lt_cv_prog_gnu_ld=yes
lt_cv_sys_global_symbol_pipe='sed -n -e '\''s/^.*[	 ]\([ABCDGIRSTW][ABCDGIRSTW]*\)[	 ][	 ]*\([_A-Za-z][_A-Za-z0-9]*\)$/\1 \2 \2/p'\'''
lt_cv_sys_global_symbol_to_c_name_address='sed -n -e '\''s/^: \([^ ]*\) $/  {\"\1\", (void *) 0},/p'\'' -e '\''s/^[ABCDGIRSTW]* \([^ ]*\) \([^ ]*\)$/  {"\2", (void *) \&\2},/p'\'''
lt_cv_sys_global_symbol_to_c_name_address_lib_prefix='sed -n -e '\''s/^: \([^ ]*\) $/  {\"\1\", (void *) 0},/p'\'' -e '\''s/^[ABCDGIRSTW]* \([^ ]*\) \(lib[^ ]*\)$/  {"\2", (void *) \&\2},/p'\'' -e '\''s/^[ABCDGIRSTW]* \([^ ]*\) \([^ ]*\)$/  {"lib\2", (void *) \&\2},/p'\'''
lt_cv_sys_global_symbol_to_cdecl='sed -n -e '\''s/^T .* \(.*\)$/extern int \1();/p'\'' -e '\''s/^[ABCDGIRSTW]* .* \(.*\)$/extern char \1;/p'\'''
lt_cv_sys_max_cmd_len=1572864
pkg_cv_APPLET_CFLAGS='-pthread -DORBIT2=1 -I/usr/include/gtk-2.0 -I/usr/lib/gtk-2.0/include -I/usr/include/atk-1.0 -I/usr/include/cairo -I/usr/include/gdk-pixbuf-2.0 -I/usr/include/pango-1.0 -I/usr/include/gio-unix-2.0/ -I/usr/include/glib-2.0 -I/usr/lib/glib-2.0/include -I/usr/include/pixman-1 -I/usr/include/freetype2 -I/usr/include/libpng14 -I/usr/include/gnome-panel-3.0/libpanel-applet -I/usr/include/gconf/2 -I/usr/include/orbit-2.0 -I/usr/include/libindicator-0.3  '
pkg_cv_APPLET_LIBS='-pthread -lX11 -lpanel-applet-3 -lgconf-2 -lindicator -lgtk-x11-2.0 -lgdk-x11-2.0 -latk-1.0 -lgio-2.0 -lpangoft2-1.0 -lpangocairo-1.0 -lgdk_pixbuf-2.0 -lm -lcairo -lpng14 -lpango-1.0 -lfreetype -lfontconfig -lgobject-2.0 -lgmodule-2.0 -lgthread-2.0 -lrt -lglib-2.0  '

## ----------------- ##
## Output variables. ##
## ----------------- ##

ACLOCAL='${SHELL} /home/aj/packages/indicator-applet/src/indicator-applet-0.4.12/missing --run aclocal-1.11 '
ALL_LINGUAS='af am an ar ast az be bg bn br bs ca ca@valencia crh csb cs cv cy da de dv el en_AU en_CA en_GB eo es et eu fa fi fr fur fy gl gv he hi hr hu hy id is it ja ka kk km kn ko ku la lb lt lv mk ml mr ms nb ne nl nn oc pa pl pt_BR pt ro ru sc sd si sk sl sq sr sv ta te th tr ug uk ur vec vi zh_CN zh_HK zh_TW'
AMDEPBACKSLASH='\'
AMDEP_FALSE='#'
AMDEP_TRUE=''
AMTAR='${SHELL} /home/aj/packages/indicator-applet/src/indicator-applet-0.4.12/missing --run tar'
AM_BACKSLASH='\'
AM_DEFAULT_VERBOSITY='0'
APPLET_CFLAGS='-pthread -DORBIT2=1 -I/usr/include/gtk-2.0 -I/usr/lib/gtk-2.0/include -I/usr/include/atk-1.0 -I/usr/include/cairo -I/usr/include/gdk-pixbuf-2.0 -I/usr/include/pango-1.0 -I/usr/include/gio-unix-2.0/ -I/usr/include/glib-2.0 -I/usr/lib/glib-2.0/include -I/usr/include/pixman-1 -I/usr/include/freetype2 -I/usr/include/libpng14 -I/usr/include/gnome-panel-3.0/libpanel-applet -I/usr/include/gconf/2 -I/usr/include/orbit-2.0 -I/usr/include/libindicator-0.3  '
APPLET_LIBS='-pthread -lX11 -lpanel-applet-3 -lgconf-2 -lindicator -lgtk-x11-2.0 -lgdk-x11-2.0 -latk-1.0 -lgio-2.0 -lpangoft2-1.0 -lpangocairo-1.0 -lgdk_pixbuf-2.0 -lm -lcairo -lpng14 -lpango-1.0 -lfreetype -lfontconfig -lgobject-2.0 -lgmodule-2.0 -lgthread-2.0 -lrt -lglib-2.0  '
AR='ar'
AUTOCONF='${SHELL} /home/aj/packages/indicator-applet/src/indicator-applet-0.4.12/missing --run autoconf'
AUTOHEADER='${SHELL} /home/aj/packages/indicator-applet/src/indicator-applet-0.4.12/missing --run autoheader'
AUTOMAKE='${SHELL} /home/aj/packages/indicator-applet/src/indicator-applet-0.4.12/missing --run automake-1.11'
AWK='gawk'
CATALOGS=' af.gmo am.gmo an.gmo ar.gmo ast.gmo az.gmo be.gmo bg.gmo bn.gmo br.gmo bs.gmo ca.gmo ca@valencia.gmo crh.gmo csb.gmo cs.gmo cv.gmo cy.gmo da.gmo de.gmo dv.gmo el.gmo en_AU.gmo en_CA.gmo en_GB.gmo eo.gmo es.gmo et.gmo eu.gmo fa.gmo fi.gmo fr.gmo fur.gmo fy.gmo gl.gmo gv.gmo he.gmo hi.gmo hr.gmo hu.gmo hy.gmo id.gmo is.gmo it.gmo ja.gmo ka.gmo kk.gmo km.gmo kn.gmo ko.gmo ku.gmo la.gmo lb.gmo lt.gmo lv.gmo mk.gmo ml.gmo mr.gmo ms.gmo nb.gmo ne.gmo nl.gmo nn.gmo oc.gmo pa.gmo pl.gmo pt_BR.gmo pt.gmo ro.gmo ru.gmo sc.gmo sd.gmo si.gmo sk.gmo sl.gmo sq.gmo sr.gmo sv.gmo ta.gmo te.gmo th.gmo tr.gmo ug.gmo uk.gmo ur.gmo vec.gmo vi.gmo zh_CN.gmo zh_HK.gmo zh_TW.gmo'
CATOBJEXT='.gmo'
CC='gcc'
CCDEPMODE='depmode=gcc3'
CFLAGS='-march=i686 -mtune=generic -O2 -pipe'
CPP='gcc -E'
CPPFLAGS=''
CYGPATH_W='echo'
DATADIRNAME='share'
DEFS='-DHAVE_CONFIG_H'
DEPDIR='.deps'
DSYMUTIL=''
DUMPBIN=''
ECHO_C=''
ECHO_N='-n'
ECHO_T=''
EGREP='/bin/grep -E'
EXEEXT=''
EXPANDED_SYSCONFDIR='/usr/etc'
FGREP='/bin/grep -F'
GETTEXT_PACKAGE='indicator-applet'
GMOFILES=' af.gmo am.gmo an.gmo ar.gmo ast.gmo az.gmo be.gmo bg.gmo bn.gmo br.gmo bs.gmo ca.gmo ca@valencia.gmo crh.gmo csb.gmo cs.gmo cv.gmo cy.gmo da.gmo de.gmo dv.gmo el.gmo en_AU.gmo en_CA.gmo en_GB.gmo eo.gmo es.gmo et.gmo eu.gmo fa.gmo fi.gmo fr.gmo fur.gmo fy.gmo gl.gmo gv.gmo he.gmo hi.gmo hr.gmo hu.gmo hy.gmo id.gmo is.gmo it.gmo ja.gmo ka.gmo kk.gmo km.gmo kn.gmo ko.gmo ku.gmo la.gmo lb.gmo lt.gmo lv.gmo mk.gmo ml.gmo mr.gmo ms.gmo nb.gmo ne.gmo nl.gmo nn.gmo oc.gmo pa.gmo pl.gmo pt_BR.gmo pt.gmo ro.gmo ru.gmo sc.gmo sd.gmo si.gmo sk.gmo sl.gmo sq.gmo sr.gmo sv.gmo ta.gmo te.gmo th.gmo tr.gmo ug.gmo uk.gmo ur.gmo vec.gmo vi.gmo zh_CN.gmo zh_HK.gmo zh_TW.gmo'
GMSGFMT='/usr/bin/msgfmt'
GNOMELOCALEDIR='/usr/share/locale'
GREP='/bin/grep'
INDICATORDIR='/usr/lib/indicators/5/'
INDICATORICONSDIR='/usr/share/libindicator/icons/'
INSTALL_DATA='${INSTALL} -m 644'
INSTALL_PROGRAM='${INSTALL}'
INSTALL_SCRIPT='${INSTALL}'
INSTALL_STRIP_PROGRAM='$(install_sh) -c -s'
INSTOBJEXT='.mo'
INTLLIBS=''
INTLTOOL_CAVES_RULE='%.caves:     %.caves.in     $(INTLTOOL_MERGE) $(wildcard $(top_srcdir)/po/*.po) ; LC_ALL=C $(INTLTOOL_MERGE) -d -u -c $(top_builddir)/po/.intltool-merge-cache $(top_srcdir)/po $< $@'
INTLTOOL_DESKTOP_RULE='%.desktop:   %.desktop.in   $(INTLTOOL_MERGE) $(wildcard $(top_srcdir)/po/*.po) ; LC_ALL=C $(INTLTOOL_MERGE) -d -u -c $(top_builddir)/po/.intltool-merge-cache $(top_srcdir)/po $< $@'
INTLTOOL_DIRECTORY_RULE='%.directory: %.directory.in $(INTLTOOL_MERGE) $(wildcard $(top_srcdir)/po/*.po) ; LC_ALL=C $(INTLTOOL_MERGE) -d -u -c $(top_builddir)/po/.intltool-merge-cache $(top_srcdir)/po $< $@'
INTLTOOL_EXTRACT='/usr/bin/intltool-extract'
INTLTOOL_KBD_RULE='%.kbd:       %.kbd.in       $(INTLTOOL_MERGE) $(wildcard $(top_srcdir)/po/*.po) ; LC_ALL=C $(INTLTOOL_MERGE) -x -u -m -c $(top_builddir)/po/.intltool-merge-cache $(top_srcdir)/po $< $@'
INTLTOOL_KEYS_RULE='%.keys:      %.keys.in      $(INTLTOOL_MERGE) $(wildcard $(top_srcdir)/po/*.po) ; LC_ALL=C $(INTLTOOL_MERGE) -k -u -c $(top_builddir)/po/.intltool-merge-cache $(top_srcdir)/po $< $@'
INTLTOOL_MERGE='/usr/bin/intltool-merge'
INTLTOOL_OAF_RULE='%.oaf:       %.oaf.in       $(INTLTOOL_MERGE) $(wildcard $(top_srcdir)/po/*.po) ; LC_ALL=C $(INTLTOOL_MERGE) -o -p $(top_srcdir)/po $< $@'
INTLTOOL_PERL='/usr/bin/perl'
INTLTOOL_POLICY_RULE='%.policy:    %.policy.in    $(INTLTOOL_MERGE) $(wildcard $(top_srcdir)/po/*.po) ; LC_ALL=C $(INTLTOOL_MERGE) -x -u -c $(top_builddir)/po/.intltool-merge-cache $(top_srcdir)/po $< $@'
INTLTOOL_PONG_RULE='%.pong:      %.pong.in      $(INTLTOOL_MERGE) $(wildcard $(top_srcdir)/po/*.po) ; LC_ALL=C $(INTLTOOL_MERGE) -x -u -c $(top_builddir)/po/.intltool-merge-cache $(top_srcdir)/po $< $@'
INTLTOOL_PROP_RULE='%.prop:      %.prop.in      $(INTLTOOL_MERGE) $(wildcard $(top_srcdir)/po/*.po) ; LC_ALL=C $(INTLTOOL_MERGE) -d -u -c $(top_builddir)/po/.intltool-merge-cache $(top_srcdir)/po $< $@'
INTLTOOL_SCHEMAS_RULE='%.schemas:   %.schemas.in   $(INTLTOOL_MERGE) $(wildcard $(top_srcdir)/po/*.po) ; LC_ALL=C $(INTLTOOL_MERGE) -s -u -c $(top_builddir)/po/.intltool-merge-cache $(top_srcdir)/po $< $@'
INTLTOOL_SERVER_RULE='%.server:    %.server.in    $(INTLTOOL_MERGE) $(wildcard $(top_srcdir)/po/*.po) ; LC_ALL=C $(INTLTOOL_MERGE) -o -u -c $(top_builddir)/po/.intltool-merge-cache $(top_srcdir)/po $< $@'
INTLTOOL_SERVICE_RULE='%.service: %.service.in   $(INTLTOOL_MERGE) $(wildcard $(top_srcdir)/po/*.po) ; LC_ALL=C $(INTLTOOL_MERGE) -d -u -c $(top_builddir)/po/.intltool-merge-cache $(top_srcdir)/po $< $@'
INTLTOOL_SHEET_RULE='%.sheet:     %.sheet.in     $(INTLTOOL_MERGE) $(wildcard $(top_srcdir)/po/*.po) ; LC_ALL=C $(INTLTOOL_MERGE) -x -u -c $(top_builddir)/po/.intltool-merge-cache $(top_srcdir)/po $< $@'
INTLTOOL_SOUNDLIST_RULE='%.soundlist: %.soundlist.in $(INTLTOOL_MERGE) $(wildcard $(top_srcdir)/po/*.po) ; LC_ALL=C $(INTLTOOL_MERGE) -d -u -c $(top_builddir)/po/.intltool-merge-cache $(top_srcdir)/po $< $@'
INTLTOOL_THEME_RULE='%.theme:     %.theme.in     $(INTLTOOL_MERGE) $(wildcard $(top_srcdir)/po/*.po) ; LC_ALL=C $(INTLTOOL_MERGE) -d -u -c $(top_builddir)/po/.intltool-merge-cache $(top_srcdir)/po $< $@'
INTLTOOL_UI_RULE='%.ui:        %.ui.in        $(INTLTOOL_MERGE) $(wildcard $(top_srcdir)/po/*.po) ; LC_ALL=C $(INTLTOOL_MERGE) -x -u -c $(top_builddir)/po/.intltool-merge-cache $(top_srcdir)/po $< $@'
INTLTOOL_UPDATE='/usr/bin/intltool-update'
INTLTOOL_XAM_RULE='%.xam:       %.xml.in       $(INTLTOOL_MERGE) $(wildcard $(top_srcdir)/po/*.po) ; LC_ALL=C $(INTLTOOL_MERGE) -x -u -c $(top_builddir)/po/.intltool-merge-cache $(top_srcdir)/po $< $@'
INTLTOOL_XML_NOMERGE_RULE='%.xml:       %.xml.in       $(INTLTOOL_MERGE) ; LC_ALL=C $(INTLTOOL_MERGE) -x -u /tmp $< $@'
INTLTOOL_XML_RULE='%.xml:       %.xml.in       $(INTLTOOL_MERGE) $(wildcard $(top_srcdir)/po/*.po) ; LC_ALL=C $(INTLTOOL_MERGE) -x -u -c $(top_builddir)/po/.intltool-merge-cache $(top_srcdir)/po $< $@'
LD='/usr/bin/ld'
LDFLAGS='-Wl,--hash-style=gnu -Wl,--as-needed'
LIBDIR='/usr/lib'
LIBOBJS=''
LIBS=''
LIBTOOL='$(SHELL) $(top_builddir)/libtool'
LIPO=''
LN_S='ln -s'
LTLIBOBJS=''
MAINT='#'
MAINTAINER_MODE_FALSE=''
MAINTAINER_MODE_TRUE='#'
MAKEINFO='${SHELL} /home/aj/packages/indicator-applet/src/indicator-applet-0.4.12/missing --run makeinfo'
MKDIR_P='/bin/mkdir -p'
MKINSTALLDIRS='./mkinstalldirs'
MSGFMT='/usr/bin/msgfmt'
MSGFMT_OPTS='-c'
MSGMERGE='/usr/bin/msgmerge'
NM='/usr/bin/nm -B'
NMEDIT=''
OBJDUMP='objdump'
OBJEXT='o'
OTOOL64=''
OTOOL=''
PACKAGE='indicator-applet'
PACKAGE_BUGREPORT=''
PACKAGE_NAME=''
PACKAGE_STRING=''
PACKAGE_TARNAME=''
PACKAGE_URL=''
PACKAGE_VERSION=''
PATH_SEPARATOR=':'
PKG_CONFIG='/usr/bin/pkg-config'
PKG_CONFIG_LIBDIR=''
PKG_CONFIG_PATH=':/opt/qt/lib/pkgconfig'
POFILES=' af.po am.po an.po ar.po ast.po az.po be.po bg.po bn.po br.po bs.po ca.po ca@valencia.po crh.po csb.po cs.po cv.po cy.po da.po de.po dv.po el.po en_AU.po en_CA.po en_GB.po eo.po es.po et.po eu.po fa.po fi.po fr.po fur.po fy.po gl.po gv.po he.po hi.po hr.po hu.po hy.po id.po is.po it.po ja.po ka.po kk.po km.po kn.po ko.po ku.po la.po lb.po lt.po lv.po mk.po ml.po mr.po ms.po nb.po ne.po nl.po nn.po oc.po pa.po pl.po pt_BR.po pt.po ro.po ru.po sc.po sd.po si.po sk.po sl.po sq.po sr.po sv.po ta.po te.po th.po tr.po ug.po uk.po ur.po vec.po vi.po zh_CN.po zh_HK.po zh_TW.po'
POSUB='po'
PO_IN_DATADIR_FALSE=''
PO_IN_DATADIR_TRUE=''
PREFIX='/usr'
RANLIB='ranlib'
SED='/bin/sed'
SET_MAKE=''
SHELL='/bin/sh'
STRIP='strip'
SYSCONFDIR='/usr/etc'
USE_NLS='yes'
VERSION='0.4.12'
XGETTEXT='/usr/bin/xgettext'
ac_ct_CC='gcc'
ac_ct_DUMPBIN=''
am__EXEEXT_FALSE=''
am__EXEEXT_TRUE='#'
am__fastdepCC_FALSE='#'
am__fastdepCC_TRUE=''
am__include='include'
am__isrc=''
am__leading_dot='.'
am__quote=''
am__tar='${AMTAR} chof - "$$tardir"'
am__untar='${AMTAR} xf -'
bindir='${exec_prefix}/bin'
build='i686-pc-linux-gnu'
build_alias=''
build_cpu='i686'
build_os='linux-gnu'
build_vendor='pc'
datadir='${datarootdir}'
datarootdir='${prefix}/share'
docdir='${datarootdir}/doc/${PACKAGE}'
dvidir='${docdir}'
exec_prefix='${prefix}'
host='i686-pc-linux-gnu'
host_alias=''
host_cpu='i686'
host_os='linux-gnu'
host_vendor='pc'
htmldir='${docdir}'
includedir='${prefix}/include'
infodir='${datarootdir}/info'
install_sh='${SHELL} /home/aj/packages/indicator-applet/src/indicator-applet-0.4.12/install-sh'
libdir='${exec_prefix}/lib'
libexecdir='${exec_prefix}/libexec'
localedir='${datarootdir}/locale'
localstatedir='${prefix}/var'
lt_ECHO='echo'
mandir='${datarootdir}/man'
mkdir_p='/bin/mkdir -p'
oldincludedir='/usr/include'
pdfdir='${docdir}'
prefix='/usr'
program_transform_name='s,x,x,'
psdir='${docdir}'
sbindir='${exec_prefix}/sbin'
sharedstatedir='${prefix}/com'
sysconfdir='${prefix}/etc'
target_alias=''

## ----------- ##
## confdefs.h. ##
## ----------- ##

/* confdefs.h */
#define PACKAGE_NAME ""
#define PACKAGE_TARNAME ""
#define PACKAGE_VERSION ""
#define PACKAGE_STRING ""
#define PACKAGE_BUGREPORT ""
#define PACKAGE_URL ""
#define PACKAGE "indicator-applet"
#define VERSION "0.4.12"
#define STDC_HEADERS 1
#define HAVE_SYS_TYPES_H 1
#define HAVE_SYS_STAT_H 1
#define HAVE_STDLIB_H 1
#define HAVE_STRING_H 1
#define HAVE_MEMORY_H 1
#define HAVE_STRINGS_H 1
#define HAVE_INTTYPES_H 1
#define HAVE_STDINT_H 1
#define HAVE_UNISTD_H 1
#define HAVE_DLFCN_H 1
#define LT_OBJDIR ".libs/"
#define GETTEXT_PACKAGE "indicator-applet"
#define GNOMELOCALEDIR "/usr/share/locale"
#define HAVE_LOCALE_H 1
#define HAVE_LC_MESSAGES 1
#define HAVE_BIND_TEXTDOMAIN_CODESET 1
#define HAVE_GETTEXT 1
#define HAVE_DCGETTEXT 1
#define ENABLE_NLS 1
#define PREFIX "/usr"
#define SYSCONFDIR "/usr/etc"
#define LIBDIR "/usr/lib"

configure: exit 0
