This file contains any messages produced by compilers while
running configure, to aid debugging if configure makes a mistake.

It was created by configure, which was
generated by GNU Autoconf 2.67.  Invocation command line was

  $ ./configure --prefix=/usr --disable-static

## --------- ##
## Platform. ##
## --------- ##

hostname = area51
uname -m = i686
uname -r = 2.6.38-ARCH
uname -s = Linux
uname -v = #1 SMP PREEMPT Wed Mar 30 07:14:27 UTC 2011

/usr/bin/uname -p = unknown
/bin/uname -X     = unknown

/bin/arch              = i686
/usr/bin/arch -k       = unknown
/usr/convex/getsysinfo = unknown
/usr/bin/hostinfo      = unknown
/bin/machine           = unknown
/usr/bin/oslevel       = unknown
/bin/universe          = unknown

PATH: /usr/local/bin
PATH: /usr/bin
PATH: /bin
PATH: /usr/local/sbin
PATH: /usr/sbin
PATH: /sbin
PATH: /opt/java/jre/bin
PATH: /usr/bin/site_perl
PATH: /usr/bin/core_perl
PATH: /opt/qt/bin


## ----------- ##
## Core tests. ##
## ----------- ##

configure:2426: checking for a BSD-compatible install
configure:2494: result: /bin/install -c
configure:2505: checking whether build environment is sane
configure:2555: result: yes
configure:2696: checking for a thread-safe mkdir -p
configure:2735: result: /bin/mkdir -p
configure:2748: checking for gawk
configure:2764: found /usr/bin/gawk
configure:2775: result: gawk
configure:2786: checking whether make sets $(MAKE)
configure:2808: result: yes
configure:2890: checking whether to enable maintainer-specific portions of Makefiles
configure:2899: result: no
configure:2914: checking whether NLS is requested
configure:2923: result: yes
configure:2939: checking for style of include used by make
configure:2967: result: GNU
configure:3037: checking for gcc
configure:3053: found /usr/bin/gcc
configure:3064: result: gcc
configure:3293: checking for C compiler version
configure:3302: gcc --version >&5
gcc (GCC) 4.5.2 20110127 (prerelease)
Copyright (C) 2010 Free Software Foundation, Inc.
This is free software; see the source for copying conditions.  There is NO
warranty; not even for MERCHANTABILITY or FITNESS FOR A PARTICULAR PURPOSE.

configure:3313: $? = 0
configure:3302: gcc -v >&5
Using built-in specs.
COLLECT_GCC=gcc
COLLECT_LTO_WRAPPER=/usr/lib/gcc/i686-pc-linux-gnu/4.5.2/lto-wrapper
Target: i686-pc-linux-gnu
Configured with: /build/src/gcc-4.5-20110127/configure --prefix=/usr --enable-languages=c,c++,fortran,objc,obj-c++,ada --enable-shared --enable-threads=posix --enable-__cxa_atexit --enable-clocale=gnu --enable-gnu-unique-object --enable-lto --enable-plugin --enable-gold --with-plugin-ld=ld.gold --disable-multilib --disable-libstdcxx-pch --with-system-zlib --with-ppl --with-cloog --with-cloog-include=/usr/include/cloog-ppl --libdir=/usr/lib --libexecdir=/usr/lib --mandir=/usr/share/man --infodir=/usr/share/info
Thread model: posix
gcc version 4.5.2 20110127 (prerelease) (GCC) 
configure:3313: $? = 0
configure:3302: gcc -V >&5
gcc: '-V' option must have argument
configure:3313: $? = 1
configure:3302: gcc -qversion >&5
gcc: unrecognized option '-qversion'
gcc: no input files
configure:3313: $? = 1
configure:3333: checking whether the C compiler works
configure:3355: gcc -march=i686 -mtune=generic -O2 -pipe  -Wl,--hash-style=gnu -Wl,--as-needed conftest.c  >&5
configure:3359: $? = 0
configure:3407: result: yes
configure:3410: checking for C compiler default output file name
configure:3412: result: a.out
configure:3418: checking for suffix of executables
configure:3425: gcc -o conftest -march=i686 -mtune=generic -O2 -pipe  -Wl,--hash-style=gnu -Wl,--as-needed conftest.c  >&5
configure:3429: $? = 0
configure:3451: result: 
configure:3473: checking whether we are cross compiling
configure:3481: gcc -o conftest -march=i686 -mtune=generic -O2 -pipe  -Wl,--hash-style=gnu -Wl,--as-needed conftest.c  >&5
configure:3485: $? = 0
configure:3492: ./conftest
configure:3496: $? = 0
configure:3511: result: no
configure:3516: checking for suffix of object files
configure:3538: gcc -c -march=i686 -mtune=generic -O2 -pipe  conftest.c >&5
configure:3542: $? = 0
configure:3563: result: o
configure:3567: checking whether we are using the GNU C compiler
configure:3586: gcc -c -march=i686 -mtune=generic -O2 -pipe  conftest.c >&5
configure:3586: $? = 0
configure:3595: result: yes
configure:3604: checking whether gcc accepts -g
configure:3624: gcc -c -g  conftest.c >&5
configure:3624: $? = 0
configure:3665: result: yes
configure:3682: checking for gcc option to accept ISO C89
configure:3746: gcc  -c -march=i686 -mtune=generic -O2 -pipe  conftest.c >&5
configure:3746: $? = 0
configure:3759: result: none needed
configure:3781: checking dependency style of gcc
configure:3891: result: gcc3
configure:3918: checking for intltool >= 0.35.0
configure:3925: result: 0.41.1 found
configure:3933: checking for intltool-update
configure:3951: found /usr/bin/intltool-update
configure:3963: result: /usr/bin/intltool-update
configure:3973: checking for intltool-merge
configure:3991: found /usr/bin/intltool-merge
configure:4003: result: /usr/bin/intltool-merge
configure:4013: checking for intltool-extract
configure:4031: found /usr/bin/intltool-extract
configure:4043: result: /usr/bin/intltool-extract
configure:4174: checking for xgettext
configure:4192: found /usr/bin/xgettext
configure:4204: result: /usr/bin/xgettext
configure:4214: checking for msgmerge
configure:4232: found /usr/bin/msgmerge
configure:4244: result: /usr/bin/msgmerge
configure:4254: checking for msgfmt
configure:4272: found /usr/bin/msgfmt
configure:4284: result: /usr/bin/msgfmt
configure:4294: checking for gmsgfmt
configure:4325: result: /usr/bin/msgfmt
configure:4345: checking for perl
configure:4363: found /usr/bin/perl
configure:4375: result: /usr/bin/perl
configure:4386: checking for perl >= 5.8.1
configure:4393: result: 5.12.3
configure:4397: checking for XML::Parser
configure:4400: result: ok
configure:4425: gcc -o conftest -march=i686 -mtune=generic -O2 -pipe  -Wl,--hash-style=gnu -Wl,--as-needed conftest.c  >&5
configure:4425: $? = 0
configure:4452: checking for library containing strerror
configure:4483: gcc -o conftest -march=i686 -mtune=generic -O2 -pipe  -Wl,--hash-style=gnu -Wl,--as-needed conftest.c  >&5
configure:4483: $? = 0
configure:4500: result: none required
configure:4556: checking for gcc
configure:4583: result: gcc
configure:4812: checking for C compiler version
configure:4821: gcc --version >&5
gcc (GCC) 4.5.2 20110127 (prerelease)
Copyright (C) 2010 Free Software Foundation, Inc.
This is free software; see the source for copying conditions.  There is NO
warranty; not even for MERCHANTABILITY or FITNESS FOR A PARTICULAR PURPOSE.

configure:4832: $? = 0
configure:4821: gcc -v >&5
Using built-in specs.
COLLECT_GCC=gcc
COLLECT_LTO_WRAPPER=/usr/lib/gcc/i686-pc-linux-gnu/4.5.2/lto-wrapper
Target: i686-pc-linux-gnu
Configured with: /build/src/gcc-4.5-20110127/configure --prefix=/usr --enable-languages=c,c++,fortran,objc,obj-c++,ada --enable-shared --enable-threads=posix --enable-__cxa_atexit --enable-clocale=gnu --enable-gnu-unique-object --enable-lto --enable-plugin --enable-gold --with-plugin-ld=ld.gold --disable-multilib --disable-libstdcxx-pch --with-system-zlib --with-ppl --with-cloog --with-cloog-include=/usr/include/cloog-ppl --libdir=/usr/lib --libexecdir=/usr/lib --mandir=/usr/share/man --infodir=/usr/share/info
Thread model: posix
gcc version 4.5.2 20110127 (prerelease) (GCC) 
configure:4832: $? = 0
configure:4821: gcc -V >&5
gcc: '-V' option must have argument
configure:4832: $? = 1
configure:4821: gcc -qversion >&5
gcc: unrecognized option '-qversion'
gcc: no input files
configure:4832: $? = 1
configure:4836: checking whether we are using the GNU C compiler
configure:4864: result: yes
configure:4873: checking whether gcc accepts -g
configure:4934: result: yes
configure:4951: checking for gcc option to accept ISO C89
configure:5028: result: none needed
configure:5050: checking dependency style of gcc
configure:5160: result: gcc3
configure:5176: checking whether gcc and cc understand -c and -o together
configure:5207: gcc -c conftest.c -o conftest2.o >&5
configure:5211: $? = 0
configure:5217: gcc -c conftest.c -o conftest2.o >&5
configure:5221: $? = 0
configure:5232: cc -c conftest.c >&5
configure:5236: $? = 0
configure:5244: cc -c conftest.c -o conftest2.o >&5
configure:5248: $? = 0
configure:5254: cc -c conftest.c -o conftest2.o >&5
configure:5258: $? = 0
configure:5276: result: yes
configure:5306: checking how to run the C preprocessor
configure:5337: gcc -E  conftest.c
configure:5337: $? = 0
configure:5351: gcc -E  conftest.c
conftest.c:11:28: fatal error: ac_nonexistent.h: No such file or directory
compilation terminated.
configure:5351: $? = 1
configure: failed program was:
| /* confdefs.h */
| #define PACKAGE_NAME ""
| #define PACKAGE_TARNAME ""
| #define PACKAGE_VERSION ""
| #define PACKAGE_STRING ""
| #define PACKAGE_BUGREPORT ""
| #define PACKAGE_URL ""
| #define PACKAGE "indicator-messages"
| #define VERSION "0.4.0"
| /* end confdefs.h.  */
| #include <ac_nonexistent.h>
configure:5376: result: gcc -E
configure:5396: gcc -E  conftest.c
configure:5396: $? = 0
configure:5410: gcc -E  conftest.c
conftest.c:11:28: fatal error: ac_nonexistent.h: No such file or directory
compilation terminated.
configure:5410: $? = 1
configure: failed program was:
| /* confdefs.h */
| #define PACKAGE_NAME ""
| #define PACKAGE_TARNAME ""
| #define PACKAGE_VERSION ""
| #define PACKAGE_STRING ""
| #define PACKAGE_BUGREPORT ""
| #define PACKAGE_URL ""
| #define PACKAGE "indicator-messages"
| #define VERSION "0.4.0"
| /* end confdefs.h.  */
| #include <ac_nonexistent.h>
configure:5439: checking for grep that handles long lines and -e
configure:5497: result: /bin/grep
configure:5502: checking for egrep
configure:5564: result: /bin/grep -E
configure:5569: checking for ANSI C header files
configure:5589: gcc -c -march=i686 -mtune=generic -O2 -pipe  conftest.c >&5
configure:5589: $? = 0
configure:5662: gcc -o conftest -march=i686 -mtune=generic -O2 -pipe  -Wl,--hash-style=gnu -Wl,--as-needed conftest.c  >&5
configure:5662: $? = 0
configure:5662: ./conftest
configure:5662: $? = 0
configure:5673: result: yes
configure:5741: checking build system type
configure:5755: result: i686-pc-linux-gnu
configure:5775: checking host system type
configure:5788: result: i686-pc-linux-gnu
configure:5808: checking for a sed that does not truncate output
configure:5872: result: /bin/sed
configure:5890: checking for fgrep
configure:5952: result: /bin/grep -F
configure:5987: checking for ld used by gcc
configure:6054: result: /usr/bin/ld
configure:6061: checking if the linker (/usr/bin/ld) is GNU ld
configure:6076: result: yes
configure:6088: checking for BSD- or MS-compatible name lister (nm)
configure:6137: result: /usr/bin/nm -B
configure:6255: checking the name lister (/usr/bin/nm -B) interface
configure:6262: gcc -c -march=i686 -mtune=generic -O2 -pipe  conftest.c >&5
configure:6265: /usr/bin/nm -B "conftest.o"
configure:6268: output
00000000 B some_variable
configure:6275: result: BSD nm
configure:6278: checking whether ln -s works
configure:6282: result: yes
configure:6290: checking the maximum length of command line arguments
configure:6410: result: 1572864
configure:6427: checking whether the shell understands some XSI constructs
configure:6437: result: yes
configure:6441: checking whether the shell understands "+="
configure:6447: result: yes
configure:6482: checking for /usr/bin/ld option to reload object files
configure:6489: result: -r
configure:6558: checking for objdump
configure:6574: found /usr/bin/objdump
configure:6585: result: objdump
configure:6617: checking how to recognize dependent libraries
configure:6813: result: pass_all
configure:6873: checking for ar
configure:6889: found /usr/bin/ar
configure:6900: result: ar
configure:6978: checking for strip
configure:6994: found /usr/bin/strip
configure:7005: result: strip
configure:7077: checking for ranlib
configure:7093: found /usr/bin/ranlib
configure:7104: result: ranlib
configure:7194: checking command to parse /usr/bin/nm -B output from gcc object
configure:7312: gcc -c -march=i686 -mtune=generic -O2 -pipe  conftest.c >&5
configure:7315: $? = 0
configure:7319: /usr/bin/nm -B conftest.o \| sed -n -e 's/^.*[	 ]\([ABCDGIRSTW][ABCDGIRSTW]*\)[	 ][	 ]*\([_A-Za-z][_A-Za-z0-9]*\)$/\1 \2 \2/p' \> conftest.nm
configure:7322: $? = 0
configure:7376: gcc -o conftest -march=i686 -mtune=generic -O2 -pipe  -Wl,--hash-style=gnu -Wl,--as-needed conftest.c conftstm.o >&5
configure:7379: $? = 0
configure:7417: result: ok
configure:8225: checking for sys/types.h
configure:8225: gcc -c -march=i686 -mtune=generic -O2 -pipe  conftest.c >&5
configure:8225: $? = 0
configure:8225: result: yes
configure:8225: checking for sys/stat.h
configure:8225: gcc -c -march=i686 -mtune=generic -O2 -pipe  conftest.c >&5
configure:8225: $? = 0
configure:8225: result: yes
configure:8225: checking for stdlib.h
configure:8225: gcc -c -march=i686 -mtune=generic -O2 -pipe  conftest.c >&5
configure:8225: $? = 0
configure:8225: result: yes
configure:8225: checking for string.h
configure:8225: gcc -c -march=i686 -mtune=generic -O2 -pipe  conftest.c >&5
configure:8225: $? = 0
configure:8225: result: yes
configure:8225: checking for memory.h
configure:8225: gcc -c -march=i686 -mtune=generic -O2 -pipe  conftest.c >&5
configure:8225: $? = 0
configure:8225: result: yes
configure:8225: checking for strings.h
configure:8225: gcc -c -march=i686 -mtune=generic -O2 -pipe  conftest.c >&5
configure:8225: $? = 0
configure:8225: result: yes
configure:8225: checking for inttypes.h
configure:8225: gcc -c -march=i686 -mtune=generic -O2 -pipe  conftest.c >&5
configure:8225: $? = 0
configure:8225: result: yes
configure:8225: checking for stdint.h
configure:8225: gcc -c -march=i686 -mtune=generic -O2 -pipe  conftest.c >&5
configure:8225: $? = 0
configure:8225: result: yes
configure:8225: checking for unistd.h
configure:8225: gcc -c -march=i686 -mtune=generic -O2 -pipe  conftest.c >&5
configure:8225: $? = 0
configure:8225: result: yes
configure:8239: checking for dlfcn.h
configure:8239: gcc -c -march=i686 -mtune=generic -O2 -pipe  conftest.c >&5
configure:8239: $? = 0
configure:8239: result: yes
configure:8393: checking for objdir
configure:8408: result: .libs
configure:8700: checking if gcc supports -fno-rtti -fno-exceptions
configure:8718: gcc -c -march=i686 -mtune=generic -O2 -pipe  -fno-rtti -fno-exceptions conftest.c >&5
cc1: warning: command line option "-fno-rtti" is valid for C++/ObjC++ but not for C
configure:8722: $? = 0
configure:8735: result: no
configure:8755: checking for gcc option to produce PIC
configure:9027: result: -fPIC -DPIC
configure:9039: checking if gcc PIC flag -fPIC -DPIC works
configure:9057: gcc -c -march=i686 -mtune=generic -O2 -pipe  -fPIC -DPIC -DPIC conftest.c >&5
configure:9061: $? = 0
configure:9074: result: yes
configure:9098: checking if gcc static flag -static works
configure:9126: result: yes
configure:9141: checking if gcc supports -c -o file.o
configure:9162: gcc -c -march=i686 -mtune=generic -O2 -pipe  -o out/conftest2.o conftest.c >&5
configure:9166: $? = 0
configure:9188: result: yes
configure:9196: checking if gcc supports -c -o file.o
configure:9243: result: yes
configure:9276: checking whether the gcc linker (/usr/bin/ld) supports shared libraries
configure:10267: result: yes
configure:10304: checking whether -lc should be explicitly linked in
configure:10309: gcc -c -march=i686 -mtune=generic -O2 -pipe  conftest.c >&5
configure:10312: $? = 0
configure:10327: gcc -shared conftest.o  -v -Wl,-soname -Wl,conftest -o conftest 2\>\&1 \| /bin/grep  -lc  \>/dev/null 2\>\&1
configure:10330: $? = 0
configure:10342: result: no
configure:10506: checking dynamic linker characteristics
configure:10939: gcc -o conftest -march=i686 -mtune=generic -O2 -pipe  -Wl,--hash-style=gnu -Wl,--as-needed -Wl,-rpath -Wl,/foo conftest.c  >&5
configure:10939: $? = 0
configure:11169: result: GNU/Linux ld.so
configure:11271: checking how to hardcode library paths into programs
configure:11296: result: immediate
configure:11816: checking whether stripping libraries is possible
configure:11821: result: yes
configure:11856: checking if libtool supports shared libraries
configure:11858: result: yes
configure:11861: checking whether to build shared libraries
configure:11882: result: yes
configure:11885: checking whether to build static libraries
configure:11889: result: no
configure:12017: checking for pkg-config
configure:12035: found /usr/bin/pkg-config
configure:12047: result: /usr/bin/pkg-config
configure:12072: checking pkg-config is at least version 0.9.0
configure:12075: result: yes
configure:12085: checking for APPLET
configure:12096: $PKG_CONFIG --exists --print-errors "gtk+-2.0 >= $GTK_REQUIRED_VERSION
                          gio-unix-2.0 >= $GIO_UNIX_REQUIRED_VERSION
                          indicator >= $INDICATOR_REQUIRED_VERSION
                          indicate-0.5 >= $INDICATE_REQUIRED_VERSION
                          dbusmenu-gtk-0.4 >= $DBUSMENUGTK_REQUIRED_VERSION"
configure:12103: $? = 0
configure:12124: $PKG_CONFIG --exists --print-errors "gtk+-2.0 >= $GTK_REQUIRED_VERSION
                          gio-unix-2.0 >= $GIO_UNIX_REQUIRED_VERSION
                          indicator >= $INDICATOR_REQUIRED_VERSION
                          indicate-0.5 >= $INDICATE_REQUIRED_VERSION
                          dbusmenu-gtk-0.4 >= $DBUSMENUGTK_REQUIRED_VERSION"
configure:12131: $? = 0
configure:12204: result: yes
configure:12283: checking locale.h usability
configure:12283: gcc -c -march=i686 -mtune=generic -O2 -pipe  conftest.c >&5
configure:12283: $? = 0
configure:12283: result: yes
configure:12283: checking locale.h presence
configure:12283: gcc -E  conftest.c
configure:12283: $? = 0
configure:12283: result: yes
configure:12283: checking for locale.h
configure:12283: result: yes
configure:12294: checking for LC_MESSAGES
configure:12310: gcc -o conftest -march=i686 -mtune=generic -O2 -pipe  -Wl,--hash-style=gnu -Wl,--as-needed conftest.c  >&5
configure:12310: $? = 0
configure:12318: result: yes
configure:12335: checking libintl.h usability
configure:12335: gcc -c -march=i686 -mtune=generic -O2 -pipe  conftest.c >&5
configure:12335: $? = 0
configure:12335: result: yes
configure:12335: checking libintl.h presence
configure:12335: gcc -E  conftest.c
configure:12335: $? = 0
configure:12335: result: yes
configure:12335: checking for libintl.h
configure:12335: result: yes
configure:12343: checking for ngettext in libc
configure:12361: gcc -o conftest -march=i686 -mtune=generic -O2 -pipe  -Wl,--hash-style=gnu -Wl,--as-needed conftest.c  >&5
configure:12361: $? = 0
configure:12370: result: yes
configure:12374: checking for dgettext in libc
configure:12392: gcc -o conftest -march=i686 -mtune=generic -O2 -pipe  -Wl,--hash-style=gnu -Wl,--as-needed conftest.c  >&5
configure:12392: $? = 0
configure:12401: result: yes
configure:12408: checking for bind_textdomain_codeset
configure:12408: gcc -o conftest -march=i686 -mtune=generic -O2 -pipe  -Wl,--hash-style=gnu -Wl,--as-needed conftest.c  >&5
configure:12408: $? = 0
configure:12408: result: yes
configure:12684: checking for msgfmt
configure:12711: result: /usr/bin/msgfmt
configure:12722: checking for dcgettext
configure:12722: gcc -o conftest -march=i686 -mtune=generic -O2 -pipe  -Wl,--hash-style=gnu -Wl,--as-needed conftest.c   >&5
conftest.c:52:6: warning: conflicting types for built-in function 'dcgettext'
configure:12722: $? = 0
configure:12722: result: yes
configure:12732: checking if msgfmt accepts -c
configure:12747: $MSGFMT -c -o /dev/null conftest.foo
configure:12750: $? = 0
configure:12752: result: yes
configure:12762: checking for gmsgfmt
configure:12793: result: /usr/bin/msgfmt
configure:12803: checking for xgettext
configure:12830: result: /usr/bin/xgettext
configure:12849: gcc -o conftest -march=i686 -mtune=generic -O2 -pipe  -Wl,--hash-style=gnu -Wl,--as-needed conftest.c   >&5
configure:12849: $? = 0
configure:13122: creating ./config.status

## ---------------------- ##
## Running config.status. ##
## ---------------------- ##

This file was extended by config.status, which was
generated by GNU Autoconf 2.67.  Invocation command line was

  CONFIG_FILES    = 
  CONFIG_HEADERS  = 
  CONFIG_LINKS    = 
  CONFIG_COMMANDS = 
  $ ./config.status 

on area51

config.status:1175: creating Makefile
config.status:1175: creating src/Makefile
config.status:1175: creating data/Makefile
config.status:1175: creating data/icons/Makefile
config.status:1175: creating data/icons/16x16/Makefile
config.status:1175: creating data/icons/16x16/status/Makefile
config.status:1175: creating data/icons/16x16/categories/Makefile
config.status:1175: creating data/icons/22x22/Makefile
config.status:1175: creating data/icons/22x22/status/Makefile
config.status:1175: creating data/icons/22x22/categories/Makefile
config.status:1175: creating data/icons/24x24/Makefile
config.status:1175: creating data/icons/24x24/status/Makefile
config.status:1175: creating data/icons/32x32/Makefile
config.status:1175: creating data/icons/32x32/status/Makefile
config.status:1175: creating data/icons/32x32/categories/Makefile
config.status:1175: creating data/icons/48x48/Makefile
config.status:1175: creating data/icons/48x48/status/Makefile
config.status:1175: creating data/icons/scalable/Makefile
config.status:1175: creating data/icons/scalable/status/Makefile
config.status:1175: creating data/icons/scalable/categories/Makefile
config.status:1175: creating po/Makefile.in
config.status:1175: creating config.h
config.status:1403: executing depfiles commands
config.status:1403: executing libtool commands
config.status:1403: executing default-1 commands
config.status:1403: executing po/stamp-it commands
configure:15396:

Messaging Indicator Configuration:

	Prefix:        /usr
	Indicator Dir: /usr/lib/indicators/5/


## ---------------- ##
## Cache variables. ##
## ---------------- ##

ac_cv_build=i686-pc-linux-gnu
ac_cv_c_compiler_gnu=yes
ac_cv_env_APPLET_CFLAGS_set=
ac_cv_env_APPLET_CFLAGS_value=
ac_cv_env_APPLET_LIBS_set=
ac_cv_env_APPLET_LIBS_value=
ac_cv_env_CC_set=
ac_cv_env_CC_value=
ac_cv_env_CFLAGS_set=set
ac_cv_env_CFLAGS_value='-march=i686 -mtune=generic -O2 -pipe'
ac_cv_env_CPPFLAGS_set=
ac_cv_env_CPPFLAGS_value=
ac_cv_env_CPP_set=
ac_cv_env_CPP_value=
ac_cv_env_LDFLAGS_set=set
ac_cv_env_LDFLAGS_value='-Wl,--hash-style=gnu -Wl,--as-needed'
ac_cv_env_LIBS_set=
ac_cv_env_LIBS_value=
ac_cv_env_PKG_CONFIG_LIBDIR_set=
ac_cv_env_PKG_CONFIG_LIBDIR_value=
ac_cv_env_PKG_CONFIG_PATH_set=set
ac_cv_env_PKG_CONFIG_PATH_value=:/opt/qt/lib/pkgconfig
ac_cv_env_PKG_CONFIG_set=
ac_cv_env_PKG_CONFIG_value=
ac_cv_env_build_alias_set=
ac_cv_env_build_alias_value=
ac_cv_env_host_alias_set=
ac_cv_env_host_alias_value=
ac_cv_env_target_alias_set=
ac_cv_env_target_alias_value=
ac_cv_func_bind_textdomain_codeset=yes
ac_cv_func_dcgettext=yes
ac_cv_header_dlfcn_h=yes
ac_cv_header_inttypes_h=yes
ac_cv_header_libintl_h=yes
ac_cv_header_locale_h=yes
ac_cv_header_memory_h=yes
ac_cv_header_stdc=yes
ac_cv_header_stdint_h=yes
ac_cv_header_stdlib_h=yes
ac_cv_header_string_h=yes
ac_cv_header_strings_h=yes
ac_cv_header_sys_stat_h=yes
ac_cv_header_sys_types_h=yes
ac_cv_header_unistd_h=yes
ac_cv_host=i686-pc-linux-gnu
ac_cv_objext=o
ac_cv_path_EGREP='/bin/grep -E'
ac_cv_path_FGREP='/bin/grep -F'
ac_cv_path_GMSGFMT=/usr/bin/msgfmt
ac_cv_path_GREP=/bin/grep
ac_cv_path_INTLTOOL_EXTRACT=/usr/bin/intltool-extract
ac_cv_path_INTLTOOL_MERGE=/usr/bin/intltool-merge
ac_cv_path_INTLTOOL_PERL=/usr/bin/perl
ac_cv_path_INTLTOOL_UPDATE=/usr/bin/intltool-update
ac_cv_path_MSGFMT=/usr/bin/msgfmt
ac_cv_path_MSGMERGE=/usr/bin/msgmerge
ac_cv_path_SED=/bin/sed
ac_cv_path_XGETTEXT=/usr/bin/xgettext
ac_cv_path_ac_pt_PKG_CONFIG=/usr/bin/pkg-config
ac_cv_path_install='/bin/install -c'
ac_cv_path_mkdir=/bin/mkdir
ac_cv_prog_AWK=gawk
ac_cv_prog_CPP='gcc -E'
ac_cv_prog_ac_ct_AR=ar
ac_cv_prog_ac_ct_CC=gcc
ac_cv_prog_ac_ct_OBJDUMP=objdump
ac_cv_prog_ac_ct_RANLIB=ranlib
ac_cv_prog_ac_ct_STRIP=strip
ac_cv_prog_cc_c89=
ac_cv_prog_cc_g=yes
ac_cv_prog_cc_gcc_c_o=yes
ac_cv_prog_make_make_set=yes
ac_cv_search_strerror='none required'
am_cv_CC_dependencies_compiler_type=gcc3
am_cv_val_LC_MESSAGES=yes
gt_cv_func_dgettext_libc=yes
gt_cv_func_dgettext_libintl=no
gt_cv_func_ngettext_libc=yes
gt_cv_have_gettext=yes
lt_cv_deplibs_check_method=pass_all
lt_cv_file_magic_cmd='$MAGIC_CMD'
lt_cv_file_magic_test_file=
lt_cv_ld_reload_flag=-r
lt_cv_nm_interface='BSD nm'
lt_cv_objdir=.libs
lt_cv_path_LD=/usr/bin/ld
lt_cv_path_NM='/usr/bin/nm -B'
lt_cv_prog_compiler_c_o=yes
lt_cv_prog_compiler_pic_works=yes
lt_cv_prog_compiler_rtti_exceptions=no
lt_cv_prog_compiler_static_works=yes
lt_cv_prog_gnu_ld=yes
lt_cv_sys_global_symbol_pipe='sed -n -e '\''s/^.*[	 ]\([ABCDGIRSTW][ABCDGIRSTW]*\)[	 ][	 ]*\([_A-Za-z][_A-Za-z0-9]*\)$/\1 \2 \2/p'\'''
lt_cv_sys_global_symbol_to_c_name_address='sed -n -e '\''s/^: \([^ ]*\) $/  {\"\1\", (void *) 0},/p'\'' -e '\''s/^[ABCDGIRSTW]* \([^ ]*\) \([^ ]*\)$/  {"\2", (void *) \&\2},/p'\'''
lt_cv_sys_global_symbol_to_c_name_address_lib_prefix='sed -n -e '\''s/^: \([^ ]*\) $/  {\"\1\", (void *) 0},/p'\'' -e '\''s/^[ABCDGIRSTW]* \([^ ]*\) \(lib[^ ]*\)$/  {"\2", (void *) \&\2},/p'\'' -e '\''s/^[ABCDGIRSTW]* \([^ ]*\) \([^ ]*\)$/  {"lib\2", (void *) \&\2},/p'\'''
lt_cv_sys_global_symbol_to_cdecl='sed -n -e '\''s/^T .* \(.*\)$/extern int \1();/p'\'' -e '\''s/^[ABCDGIRSTW]* .* \(.*\)$/extern char \1;/p'\'''
lt_cv_sys_max_cmd_len=1572864
pkg_cv_APPLET_CFLAGS='-pthread -I/usr/include/gtk-2.0 -I/usr/lib/gtk-2.0/include -I/usr/include/atk-1.0 -I/usr/include/cairo -I/usr/include/gdk-pixbuf-2.0 -I/usr/include/pango-1.0 -I/usr/include/gio-unix-2.0/ -I/usr/include/glib-2.0 -I/usr/lib/glib-2.0/include -I/usr/include/pixman-1 -I/usr/include/freetype2 -I/usr/include/libpng14 -I/usr/include/libindicator-0.3 -I/usr/include/libindicate-0.5 -I/usr/include/libdbusmenu-0.4  '
pkg_cv_APPLET_LIBS='-pthread -lindicator -lindicate -ldbusmenu-gtk -ldbusmenu-glib -lgtk-x11-2.0 -lgdk-x11-2.0 -latk-1.0 -lgio-2.0 -lpangoft2-1.0 -lpangocairo-1.0 -lgdk_pixbuf-2.0 -lm -lcairo -lpng14 -lpango-1.0 -lfreetype -lfontconfig -lgobject-2.0 -lgmodule-2.0 -lgthread-2.0 -lrt -lglib-2.0  '

## ----------------- ##
## Output variables. ##
## ----------------- ##

ACLOCAL='${SHELL} /home/aj/packages/indicator-messages/src/indicator-messages-0.4.0/missing --run aclocal-1.11'
ALL_LINGUAS=''
AMDEPBACKSLASH='\'
AMDEP_FALSE='#'
AMDEP_TRUE=''
AMTAR='${SHELL} /home/aj/packages/indicator-messages/src/indicator-messages-0.4.0/missing --run tar'
AM_BACKSLASH='\'
AM_DEFAULT_VERBOSITY='0'
APPLET_CFLAGS='-pthread -I/usr/include/gtk-2.0 -I/usr/lib/gtk-2.0/include -I/usr/include/atk-1.0 -I/usr/include/cairo -I/usr/include/gdk-pixbuf-2.0 -I/usr/include/pango-1.0 -I/usr/include/gio-unix-2.0/ -I/usr/include/glib-2.0 -I/usr/lib/glib-2.0/include -I/usr/include/pixman-1 -I/usr/include/freetype2 -I/usr/include/libpng14 -I/usr/include/libindicator-0.3 -I/usr/include/libindicate-0.5 -I/usr/include/libdbusmenu-0.4  '
APPLET_LIBS='-pthread -lindicator -lindicate -ldbusmenu-gtk -ldbusmenu-glib -lgtk-x11-2.0 -lgdk-x11-2.0 -latk-1.0 -lgio-2.0 -lpangoft2-1.0 -lpangocairo-1.0 -lgdk_pixbuf-2.0 -lm -lcairo -lpng14 -lpango-1.0 -lfreetype -lfontconfig -lgobject-2.0 -lgmodule-2.0 -lgthread-2.0 -lrt -lglib-2.0  '
AR='ar'
AUTOCONF='${SHELL} /home/aj/packages/indicator-messages/src/indicator-messages-0.4.0/missing --run autoconf'
AUTOHEADER='${SHELL} /home/aj/packages/indicator-messages/src/indicator-messages-0.4.0/missing --run autoheader'
AUTOMAKE='${SHELL} /home/aj/packages/indicator-messages/src/indicator-messages-0.4.0/missing --run automake-1.11'
AWK='gawk'
CATALOGS=''
CATOBJEXT='.gmo'
CC='gcc'
CCDEPMODE='depmode=gcc3'
CFLAGS='-march=i686 -mtune=generic -O2 -pipe'
CPP='gcc -E'
CPPFLAGS=''
CYGPATH_W='echo'
DATADIRNAME='share'
DBUSSERVICEDIR='/usr/share/dbus-1/services'
DEFS='-DHAVE_CONFIG_H'
DEPDIR='.deps'
DSYMUTIL=''
DUMPBIN=''
ECHO_C=''
ECHO_N='-n'
ECHO_T=''
EGREP='/bin/grep -E'
EXEEXT=''
FGREP='/bin/grep -F'
GETTEXT_PACKAGE='indicator-messages'
GMOFILES=''
GMSGFMT='/usr/bin/msgfmt'
GNOMELOCALEDIR='/usr/share/locale'
GREP='/bin/grep'
INDICATORDIR='/usr/lib/indicators/5/'
INDICATORICONSDIR='/usr/share/libindicator/icons/'
INSTALL_DATA='${INSTALL} -m 644'
INSTALL_PROGRAM='${INSTALL}'
INSTALL_SCRIPT='${INSTALL}'
INSTALL_STRIP_PROGRAM='$(install_sh) -c -s'
INSTOBJEXT='.mo'
INTLLIBS=''
INTLTOOL_CAVES_RULE='%.caves:     %.caves.in     $(INTLTOOL_MERGE) $(wildcard $(top_srcdir)/po/*.po) ; LC_ALL=C $(INTLTOOL_MERGE) -d -u -c $(top_builddir)/po/.intltool-merge-cache $(top_srcdir)/po $< $@'
INTLTOOL_DESKTOP_RULE='%.desktop:   %.desktop.in   $(INTLTOOL_MERGE) $(wildcard $(top_srcdir)/po/*.po) ; LC_ALL=C $(INTLTOOL_MERGE) -d -u -c $(top_builddir)/po/.intltool-merge-cache $(top_srcdir)/po $< $@'
INTLTOOL_DIRECTORY_RULE='%.directory: %.directory.in $(INTLTOOL_MERGE) $(wildcard $(top_srcdir)/po/*.po) ; LC_ALL=C $(INTLTOOL_MERGE) -d -u -c $(top_builddir)/po/.intltool-merge-cache $(top_srcdir)/po $< $@'
INTLTOOL_EXTRACT='/usr/bin/intltool-extract'
INTLTOOL_KBD_RULE='%.kbd:       %.kbd.in       $(INTLTOOL_MERGE) $(wildcard $(top_srcdir)/po/*.po) ; LC_ALL=C $(INTLTOOL_MERGE) -x -u -m -c $(top_builddir)/po/.intltool-merge-cache $(top_srcdir)/po $< $@'
INTLTOOL_KEYS_RULE='%.keys:      %.keys.in      $(INTLTOOL_MERGE) $(wildcard $(top_srcdir)/po/*.po) ; LC_ALL=C $(INTLTOOL_MERGE) -k -u -c $(top_builddir)/po/.intltool-merge-cache $(top_srcdir)/po $< $@'
INTLTOOL_MERGE='/usr/bin/intltool-merge'
INTLTOOL_OAF_RULE='%.oaf:       %.oaf.in       $(INTLTOOL_MERGE) $(wildcard $(top_srcdir)/po/*.po) ; LC_ALL=C $(INTLTOOL_MERGE) -o -p $(top_srcdir)/po $< $@'
INTLTOOL_PERL='/usr/bin/perl'
INTLTOOL_POLICY_RULE='%.policy:    %.policy.in    $(INTLTOOL_MERGE) $(wildcard $(top_srcdir)/po/*.po) ; LC_ALL=C $(INTLTOOL_MERGE) -x -u -c $(top_builddir)/po/.intltool-merge-cache $(top_srcdir)/po $< $@'
INTLTOOL_PONG_RULE='%.pong:      %.pong.in      $(INTLTOOL_MERGE) $(wildcard $(top_srcdir)/po/*.po) ; LC_ALL=C $(INTLTOOL_MERGE) -x -u -c $(top_builddir)/po/.intltool-merge-cache $(top_srcdir)/po $< $@'
INTLTOOL_PROP_RULE='%.prop:      %.prop.in      $(INTLTOOL_MERGE) $(wildcard $(top_srcdir)/po/*.po) ; LC_ALL=C $(INTLTOOL_MERGE) -d -u -c $(top_builddir)/po/.intltool-merge-cache $(top_srcdir)/po $< $@'
INTLTOOL_SCHEMAS_RULE='%.schemas:   %.schemas.in   $(INTLTOOL_MERGE) $(wildcard $(top_srcdir)/po/*.po) ; LC_ALL=C $(INTLTOOL_MERGE) -s -u -c $(top_builddir)/po/.intltool-merge-cache $(top_srcdir)/po $< $@'
INTLTOOL_SERVER_RULE='%.server:    %.server.in    $(INTLTOOL_MERGE) $(wildcard $(top_srcdir)/po/*.po) ; LC_ALL=C $(INTLTOOL_MERGE) -o -u -c $(top_builddir)/po/.intltool-merge-cache $(top_srcdir)/po $< $@'
INTLTOOL_SERVICE_RULE='%.service: %.service.in   $(INTLTOOL_MERGE) $(wildcard $(top_srcdir)/po/*.po) ; LC_ALL=C $(INTLTOOL_MERGE) -d -u -c $(top_builddir)/po/.intltool-merge-cache $(top_srcdir)/po $< $@'
INTLTOOL_SHEET_RULE='%.sheet:     %.sheet.in     $(INTLTOOL_MERGE) $(wildcard $(top_srcdir)/po/*.po) ; LC_ALL=C $(INTLTOOL_MERGE) -x -u -c $(top_builddir)/po/.intltool-merge-cache $(top_srcdir)/po $< $@'
INTLTOOL_SOUNDLIST_RULE='%.soundlist: %.soundlist.in $(INTLTOOL_MERGE) $(wildcard $(top_srcdir)/po/*.po) ; LC_ALL=C $(INTLTOOL_MERGE) -d -u -c $(top_builddir)/po/.intltool-merge-cache $(top_srcdir)/po $< $@'
INTLTOOL_THEME_RULE='%.theme:     %.theme.in     $(INTLTOOL_MERGE) $(wildcard $(top_srcdir)/po/*.po) ; LC_ALL=C $(INTLTOOL_MERGE) -d -u -c $(top_builddir)/po/.intltool-merge-cache $(top_srcdir)/po $< $@'
INTLTOOL_UI_RULE='%.ui:        %.ui.in        $(INTLTOOL_MERGE) $(wildcard $(top_srcdir)/po/*.po) ; LC_ALL=C $(INTLTOOL_MERGE) -x -u -c $(top_builddir)/po/.intltool-merge-cache $(top_srcdir)/po $< $@'
INTLTOOL_UPDATE='/usr/bin/intltool-update'
INTLTOOL_XAM_RULE='%.xam:       %.xml.in       $(INTLTOOL_MERGE) $(wildcard $(top_srcdir)/po/*.po) ; LC_ALL=C $(INTLTOOL_MERGE) -x -u -c $(top_builddir)/po/.intltool-merge-cache $(top_srcdir)/po $< $@'
INTLTOOL_XML_NOMERGE_RULE='%.xml:       %.xml.in       $(INTLTOOL_MERGE) ; LC_ALL=C $(INTLTOOL_MERGE) -x -u /tmp $< $@'
INTLTOOL_XML_RULE='%.xml:       %.xml.in       $(INTLTOOL_MERGE) $(wildcard $(top_srcdir)/po/*.po) ; LC_ALL=C $(INTLTOOL_MERGE) -x -u -c $(top_builddir)/po/.intltool-merge-cache $(top_srcdir)/po $< $@'
LD='/usr/bin/ld'
LDFLAGS='-Wl,--hash-style=gnu -Wl,--as-needed'
LIBOBJS=''
LIBS=''
LIBTOOL='$(SHELL) $(top_builddir)/libtool'
LIPO=''
LN_S='ln -s'
LTLIBOBJS=''
MAINT='#'
MAINTAINER_MODE_FALSE=''
MAINTAINER_MODE_TRUE='#'
MAKEINFO='${SHELL} /home/aj/packages/indicator-messages/src/indicator-messages-0.4.0/missing --run makeinfo'
MKDIR_P='/bin/mkdir -p'
MKINSTALLDIRS='./mkinstalldirs'
MSGFMT='/usr/bin/msgfmt'
MSGFMT_OPTS='-c'
MSGMERGE='/usr/bin/msgmerge'
NM='/usr/bin/nm -B'
NMEDIT=''
OBJDUMP='objdump'
OBJEXT='o'
OTOOL64=''
OTOOL=''
PACKAGE='indicator-messages'
PACKAGE_BUGREPORT=''
PACKAGE_NAME=''
PACKAGE_STRING=''
PACKAGE_TARNAME=''
PACKAGE_URL=''
PACKAGE_VERSION=''
PATH_SEPARATOR=':'
PKG_CONFIG='/usr/bin/pkg-config'
PKG_CONFIG_LIBDIR=''
PKG_CONFIG_PATH=':/opt/qt/lib/pkgconfig'
POFILES=''
POSUB='po'
PO_IN_DATADIR_FALSE=''
PO_IN_DATADIR_TRUE=''
RANLIB='ranlib'
SED='/bin/sed'
SET_MAKE=''
SHELL='/bin/sh'
STRIP='strip'
USE_NLS='yes'
VERSION='0.4.0'
XGETTEXT='/usr/bin/xgettext'
ac_ct_CC='gcc'
ac_ct_DUMPBIN=''
am__EXEEXT_FALSE=''
am__EXEEXT_TRUE='#'
am__fastdepCC_FALSE='#'
am__fastdepCC_TRUE=''
am__include='include'
am__isrc=''
am__leading_dot='.'
am__quote=''
am__tar='${AMTAR} chof - "$$tardir"'
am__untar='${AMTAR} xf -'
bindir='${exec_prefix}/bin'
build='i686-pc-linux-gnu'
build_alias=''
build_cpu='i686'
build_os='linux-gnu'
build_vendor='pc'
datadir='${datarootdir}'
datarootdir='${prefix}/share'
docdir='${datarootdir}/doc/${PACKAGE}'
dvidir='${docdir}'
exec_prefix='${prefix}'
host='i686-pc-linux-gnu'
host_alias=''
host_cpu='i686'
host_os='linux-gnu'
host_vendor='pc'
htmldir='${docdir}'
includedir='${prefix}/include'
infodir='${datarootdir}/info'
install_sh='${SHELL} /home/aj/packages/indicator-messages/src/indicator-messages-0.4.0/install-sh'
libdir='${exec_prefix}/lib'
libexecdir='${exec_prefix}/libexec'
localedir='${datarootdir}/locale'
localstatedir='${prefix}/var'
lt_ECHO='echo'
mandir='${datarootdir}/man'
mkdir_p='/bin/mkdir -p'
oldincludedir='/usr/include'
pdfdir='${docdir}'
prefix='/usr'
program_transform_name='s,x,x,'
psdir='${docdir}'
sbindir='${exec_prefix}/sbin'
sharedstatedir='${prefix}/com'
sysconfdir='${prefix}/etc'
target_alias=''

## ----------- ##
## confdefs.h. ##
## ----------- ##

/* confdefs.h */
#define PACKAGE_NAME ""
#define PACKAGE_TARNAME ""
#define PACKAGE_VERSION ""
#define PACKAGE_STRING ""
#define PACKAGE_BUGREPORT ""
#define PACKAGE_URL ""
#define PACKAGE "indicator-messages"
#define VERSION "0.4.0"
#define STDC_HEADERS 1
#define HAVE_SYS_TYPES_H 1
#define HAVE_SYS_STAT_H 1
#define HAVE_STDLIB_H 1
#define HAVE_STRING_H 1
#define HAVE_MEMORY_H 1
#define HAVE_STRINGS_H 1
#define HAVE_INTTYPES_H 1
#define HAVE_STDINT_H 1
#define HAVE_UNISTD_H 1
#define HAVE_DLFCN_H 1
#define LT_OBJDIR ".libs/"
#define GETTEXT_PACKAGE "indicator-messages"
#define GNOMELOCALEDIR "/usr/share/locale"
#define HAVE_LOCALE_H 1
#define HAVE_LC_MESSAGES 1
#define HAVE_BIND_TEXTDOMAIN_CODESET 1
#define HAVE_GETTEXT 1
#define HAVE_DCGETTEXT 1
#define ENABLE_NLS 1

configure: exit 0
