This file contains any messages produced by compilers while
running configure, to aid debugging if configure makes a mistake.

It was created by configure, which was
generated by GNU Autoconf 2.67.  Invocation command line was

  $ ./configure --prefix=/usr --sysconfdir=/etc --localstatedir=/var --libexecdir=/usr/lib --disable-static --disable-schemas-install --with-gconf-schema-file-dir=/usr/share/gconf/schemas

## --------- ##
## Platform. ##
## --------- ##

hostname = area51
uname -m = i686
uname -r = 2.6.38-ARCH
uname -s = Linux
uname -v = #1 SMP PREEMPT Wed Mar 30 07:14:27 UTC 2011

/usr/bin/uname -p = unknown
/bin/uname -X     = unknown

/bin/arch              = i686
/usr/bin/arch -k       = unknown
/usr/convex/getsysinfo = unknown
/usr/bin/hostinfo      = unknown
/bin/machine           = unknown
/usr/bin/oslevel       = unknown
/bin/universe          = unknown

PATH: /usr/local/bin
PATH: /usr/bin
PATH: /bin
PATH: /usr/local/sbin
PATH: /usr/sbin
PATH: /sbin
PATH: /opt/java/jre/bin
PATH: /usr/bin/site_perl
PATH: /usr/bin/core_perl
PATH: /opt/qt/bin


## ----------- ##
## Core tests. ##
## ----------- ##

configure:2463: checking for a BSD-compatible install
configure:2531: result: /bin/install -c
configure:2542: checking whether build environment is sane
configure:2592: result: yes
configure:2733: checking for a thread-safe mkdir -p
configure:2772: result: /bin/mkdir -p
configure:2785: checking for gawk
configure:2801: found /usr/bin/gawk
configure:2812: result: gawk
configure:2823: checking whether make sets $(MAKE)
configure:2845: result: yes
configure:2927: checking whether to enable maintainer-specific portions of Makefiles
configure:2936: result: no
configure:2951: checking whether NLS is requested
configure:2960: result: yes
configure:2976: checking for style of include used by make
configure:3004: result: GNU
configure:3074: checking for gcc
configure:3090: found /usr/bin/gcc
configure:3101: result: gcc
configure:3330: checking for C compiler version
configure:3339: gcc --version >&5
gcc (GCC) 4.5.2 20110127 (prerelease)
Copyright (C) 2010 Free Software Foundation, Inc.
This is free software; see the source for copying conditions.  There is NO
warranty; not even for MERCHANTABILITY or FITNESS FOR A PARTICULAR PURPOSE.

configure:3350: $? = 0
configure:3339: gcc -v >&5
Using built-in specs.
COLLECT_GCC=gcc
COLLECT_LTO_WRAPPER=/usr/lib/gcc/i686-pc-linux-gnu/4.5.2/lto-wrapper
Target: i686-pc-linux-gnu
Configured with: /build/src/gcc-4.5-20110127/configure --prefix=/usr --enable-languages=c,c++,fortran,objc,obj-c++,ada --enable-shared --enable-threads=posix --enable-__cxa_atexit --enable-clocale=gnu --enable-gnu-unique-object --enable-lto --enable-plugin --enable-gold --with-plugin-ld=ld.gold --disable-multilib --disable-libstdcxx-pch --with-system-zlib --with-ppl --with-cloog --with-cloog-include=/usr/include/cloog-ppl --libdir=/usr/lib --libexecdir=/usr/lib --mandir=/usr/share/man --infodir=/usr/share/info
Thread model: posix
gcc version 4.5.2 20110127 (prerelease) (GCC) 
configure:3350: $? = 0
configure:3339: gcc -V >&5
gcc: '-V' option must have argument
configure:3350: $? = 1
configure:3339: gcc -qversion >&5
gcc: unrecognized option '-qversion'
gcc: no input files
configure:3350: $? = 1
configure:3370: checking whether the C compiler works
configure:3392: gcc -march=i686 -mtune=generic -O2 -pipe  -Wl,--hash-style=gnu -Wl,--as-needed conftest.c  >&5
configure:3396: $? = 0
configure:3444: result: yes
configure:3447: checking for C compiler default output file name
configure:3449: result: a.out
configure:3455: checking for suffix of executables
configure:3462: gcc -o conftest -march=i686 -mtune=generic -O2 -pipe  -Wl,--hash-style=gnu -Wl,--as-needed conftest.c  >&5
configure:3466: $? = 0
configure:3488: result: 
configure:3510: checking whether we are cross compiling
configure:3518: gcc -o conftest -march=i686 -mtune=generic -O2 -pipe  -Wl,--hash-style=gnu -Wl,--as-needed conftest.c  >&5
configure:3522: $? = 0
configure:3529: ./conftest
configure:3533: $? = 0
configure:3548: result: no
configure:3553: checking for suffix of object files
configure:3575: gcc -c -march=i686 -mtune=generic -O2 -pipe  conftest.c >&5
configure:3579: $? = 0
configure:3600: result: o
configure:3604: checking whether we are using the GNU C compiler
configure:3623: gcc -c -march=i686 -mtune=generic -O2 -pipe  conftest.c >&5
configure:3623: $? = 0
configure:3632: result: yes
configure:3641: checking whether gcc accepts -g
configure:3661: gcc -c -g  conftest.c >&5
configure:3661: $? = 0
configure:3702: result: yes
configure:3719: checking for gcc option to accept ISO C89
configure:3783: gcc  -c -march=i686 -mtune=generic -O2 -pipe  conftest.c >&5
configure:3783: $? = 0
configure:3796: result: none needed
configure:3818: checking dependency style of gcc
configure:3928: result: gcc3
configure:3955: checking for intltool >= 0.35.0
configure:3962: result: 0.41.1 found
configure:3970: checking for intltool-update
configure:3988: found /usr/bin/intltool-update
configure:4000: result: /usr/bin/intltool-update
configure:4010: checking for intltool-merge
configure:4028: found /usr/bin/intltool-merge
configure:4040: result: /usr/bin/intltool-merge
configure:4050: checking for intltool-extract
configure:4068: found /usr/bin/intltool-extract
configure:4080: result: /usr/bin/intltool-extract
configure:4211: checking for xgettext
configure:4229: found /usr/bin/xgettext
configure:4241: result: /usr/bin/xgettext
configure:4251: checking for msgmerge
configure:4269: found /usr/bin/msgmerge
configure:4281: result: /usr/bin/msgmerge
configure:4291: checking for msgfmt
configure:4309: found /usr/bin/msgfmt
configure:4321: result: /usr/bin/msgfmt
configure:4331: checking for gmsgfmt
configure:4362: result: /usr/bin/msgfmt
configure:4382: checking for perl
configure:4400: found /usr/bin/perl
configure:4412: result: /usr/bin/perl
configure:4423: checking for perl >= 5.8.1
configure:4430: result: 5.12.3
configure:4434: checking for XML::Parser
configure:4437: result: ok
configure:4462: gcc -o conftest -march=i686 -mtune=generic -O2 -pipe  -Wl,--hash-style=gnu -Wl,--as-needed conftest.c  >&5
configure:4462: $? = 0
configure:4489: checking for library containing strerror
configure:4520: gcc -o conftest -march=i686 -mtune=generic -O2 -pipe  -Wl,--hash-style=gnu -Wl,--as-needed conftest.c  >&5
configure:4520: $? = 0
configure:4537: result: none required
configure:4593: checking for gcc
configure:4620: result: gcc
configure:4849: checking for C compiler version
configure:4858: gcc --version >&5
gcc (GCC) 4.5.2 20110127 (prerelease)
Copyright (C) 2010 Free Software Foundation, Inc.
This is free software; see the source for copying conditions.  There is NO
warranty; not even for MERCHANTABILITY or FITNESS FOR A PARTICULAR PURPOSE.

configure:4869: $? = 0
configure:4858: gcc -v >&5
Using built-in specs.
COLLECT_GCC=gcc
COLLECT_LTO_WRAPPER=/usr/lib/gcc/i686-pc-linux-gnu/4.5.2/lto-wrapper
Target: i686-pc-linux-gnu
Configured with: /build/src/gcc-4.5-20110127/configure --prefix=/usr --enable-languages=c,c++,fortran,objc,obj-c++,ada --enable-shared --enable-threads=posix --enable-__cxa_atexit --enable-clocale=gnu --enable-gnu-unique-object --enable-lto --enable-plugin --enable-gold --with-plugin-ld=ld.gold --disable-multilib --disable-libstdcxx-pch --with-system-zlib --with-ppl --with-cloog --with-cloog-include=/usr/include/cloog-ppl --libdir=/usr/lib --libexecdir=/usr/lib --mandir=/usr/share/man --infodir=/usr/share/info
Thread model: posix
gcc version 4.5.2 20110127 (prerelease) (GCC) 
configure:4869: $? = 0
configure:4858: gcc -V >&5
gcc: '-V' option must have argument
configure:4869: $? = 1
configure:4858: gcc -qversion >&5
gcc: unrecognized option '-qversion'
gcc: no input files
configure:4869: $? = 1
configure:4873: checking whether we are using the GNU C compiler
configure:4901: result: yes
configure:4910: checking whether gcc accepts -g
configure:4971: result: yes
configure:4988: checking for gcc option to accept ISO C89
configure:5065: result: none needed
configure:5087: checking dependency style of gcc
configure:5197: result: gcc3
configure:5213: checking whether gcc and cc understand -c and -o together
configure:5244: gcc -c conftest.c -o conftest2.o >&5
configure:5248: $? = 0
configure:5254: gcc -c conftest.c -o conftest2.o >&5
configure:5258: $? = 0
configure:5269: cc -c conftest.c >&5
configure:5273: $? = 0
configure:5281: cc -c conftest.c -o conftest2.o >&5
configure:5285: $? = 0
configure:5291: cc -c conftest.c -o conftest2.o >&5
configure:5295: $? = 0
configure:5313: result: yes
configure:5343: checking how to run the C preprocessor
configure:5374: gcc -E  conftest.c
configure:5374: $? = 0
configure:5388: gcc -E  conftest.c
conftest.c:11:28: fatal error: ac_nonexistent.h: No such file or directory
compilation terminated.
configure:5388: $? = 1
configure: failed program was:
| /* confdefs.h */
| #define PACKAGE_NAME ""
| #define PACKAGE_TARNAME ""
| #define PACKAGE_VERSION ""
| #define PACKAGE_STRING ""
| #define PACKAGE_BUGREPORT ""
| #define PACKAGE_URL ""
| #define PACKAGE "indicator-session"
| #define VERSION "0.2.17"
| /* end confdefs.h.  */
| #include <ac_nonexistent.h>
configure:5413: result: gcc -E
configure:5433: gcc -E  conftest.c
configure:5433: $? = 0
configure:5447: gcc -E  conftest.c
conftest.c:11:28: fatal error: ac_nonexistent.h: No such file or directory
compilation terminated.
configure:5447: $? = 1
configure: failed program was:
| /* confdefs.h */
| #define PACKAGE_NAME ""
| #define PACKAGE_TARNAME ""
| #define PACKAGE_VERSION ""
| #define PACKAGE_STRING ""
| #define PACKAGE_BUGREPORT ""
| #define PACKAGE_URL ""
| #define PACKAGE "indicator-session"
| #define VERSION "0.2.17"
| /* end confdefs.h.  */
| #include <ac_nonexistent.h>
configure:5476: checking for grep that handles long lines and -e
configure:5534: result: /bin/grep
configure:5539: checking for egrep
configure:5601: result: /bin/grep -E
configure:5606: checking for ANSI C header files
configure:5626: gcc -c -march=i686 -mtune=generic -O2 -pipe  conftest.c >&5
configure:5626: $? = 0
configure:5699: gcc -o conftest -march=i686 -mtune=generic -O2 -pipe  -Wl,--hash-style=gnu -Wl,--as-needed conftest.c  >&5
configure:5699: $? = 0
configure:5699: ./conftest
configure:5699: $? = 0
configure:5710: result: yes
configure:5747: checking build system type
configure:5761: result: i686-pc-linux-gnu
configure:5781: checking host system type
configure:5794: result: i686-pc-linux-gnu
configure:5814: checking for a sed that does not truncate output
configure:5878: result: /bin/sed
configure:5896: checking for fgrep
configure:5958: result: /bin/grep -F
configure:5993: checking for ld used by gcc
configure:6060: result: /usr/bin/ld
configure:6067: checking if the linker (/usr/bin/ld) is GNU ld
configure:6082: result: yes
configure:6094: checking for BSD- or MS-compatible name lister (nm)
configure:6143: result: /usr/bin/nm -B
configure:6261: checking the name lister (/usr/bin/nm -B) interface
configure:6268: gcc -c -march=i686 -mtune=generic -O2 -pipe  conftest.c >&5
configure:6271: /usr/bin/nm -B "conftest.o"
configure:6274: output
00000000 B some_variable
configure:6281: result: BSD nm
configure:6284: checking whether ln -s works
configure:6288: result: yes
configure:6296: checking the maximum length of command line arguments
configure:6416: result: 1572864
configure:6433: checking whether the shell understands some XSI constructs
configure:6443: result: yes
configure:6447: checking whether the shell understands "+="
configure:6453: result: yes
configure:6488: checking for /usr/bin/ld option to reload object files
configure:6495: result: -r
configure:6564: checking for objdump
configure:6580: found /usr/bin/objdump
configure:6591: result: objdump
configure:6623: checking how to recognize dependent libraries
configure:6819: result: pass_all
configure:6879: checking for ar
configure:6895: found /usr/bin/ar
configure:6906: result: ar
configure:6984: checking for strip
configure:7000: found /usr/bin/strip
configure:7011: result: strip
configure:7083: checking for ranlib
configure:7099: found /usr/bin/ranlib
configure:7110: result: ranlib
configure:7200: checking command to parse /usr/bin/nm -B output from gcc object
configure:7318: gcc -c -march=i686 -mtune=generic -O2 -pipe  conftest.c >&5
configure:7321: $? = 0
configure:7325: /usr/bin/nm -B conftest.o \| sed -n -e 's/^.*[	 ]\([ABCDGIRSTW][ABCDGIRSTW]*\)[	 ][	 ]*\([_A-Za-z][_A-Za-z0-9]*\)$/\1 \2 \2/p' \> conftest.nm
configure:7328: $? = 0
configure:7382: gcc -o conftest -march=i686 -mtune=generic -O2 -pipe  -Wl,--hash-style=gnu -Wl,--as-needed conftest.c conftstm.o >&5
configure:7385: $? = 0
configure:7423: result: ok
configure:8231: checking for sys/types.h
configure:8231: gcc -c -march=i686 -mtune=generic -O2 -pipe  conftest.c >&5
configure:8231: $? = 0
configure:8231: result: yes
configure:8231: checking for sys/stat.h
configure:8231: gcc -c -march=i686 -mtune=generic -O2 -pipe  conftest.c >&5
configure:8231: $? = 0
configure:8231: result: yes
configure:8231: checking for stdlib.h
configure:8231: gcc -c -march=i686 -mtune=generic -O2 -pipe  conftest.c >&5
configure:8231: $? = 0
configure:8231: result: yes
configure:8231: checking for string.h
configure:8231: gcc -c -march=i686 -mtune=generic -O2 -pipe  conftest.c >&5
configure:8231: $? = 0
configure:8231: result: yes
configure:8231: checking for memory.h
configure:8231: gcc -c -march=i686 -mtune=generic -O2 -pipe  conftest.c >&5
configure:8231: $? = 0
configure:8231: result: yes
configure:8231: checking for strings.h
configure:8231: gcc -c -march=i686 -mtune=generic -O2 -pipe  conftest.c >&5
configure:8231: $? = 0
configure:8231: result: yes
configure:8231: checking for inttypes.h
configure:8231: gcc -c -march=i686 -mtune=generic -O2 -pipe  conftest.c >&5
configure:8231: $? = 0
configure:8231: result: yes
configure:8231: checking for stdint.h
configure:8231: gcc -c -march=i686 -mtune=generic -O2 -pipe  conftest.c >&5
configure:8231: $? = 0
configure:8231: result: yes
configure:8231: checking for unistd.h
configure:8231: gcc -c -march=i686 -mtune=generic -O2 -pipe  conftest.c >&5
configure:8231: $? = 0
configure:8231: result: yes
configure:8245: checking for dlfcn.h
configure:8245: gcc -c -march=i686 -mtune=generic -O2 -pipe  conftest.c >&5
configure:8245: $? = 0
configure:8245: result: yes
configure:8429: checking for objdir
configure:8444: result: .libs
configure:8736: checking if gcc supports -fno-rtti -fno-exceptions
configure:8754: gcc -c -march=i686 -mtune=generic -O2 -pipe  -fno-rtti -fno-exceptions conftest.c >&5
cc1: warning: command line option "-fno-rtti" is valid for C++/ObjC++ but not for C
configure:8758: $? = 0
configure:8771: result: no
configure:8791: checking for gcc option to produce PIC
configure:9063: result: -fPIC -DPIC
configure:9075: checking if gcc PIC flag -fPIC -DPIC works
configure:9093: gcc -c -march=i686 -mtune=generic -O2 -pipe  -fPIC -DPIC -DPIC conftest.c >&5
configure:9097: $? = 0
configure:9110: result: yes
configure:9134: checking if gcc static flag -static works
configure:9162: result: yes
configure:9177: checking if gcc supports -c -o file.o
configure:9198: gcc -c -march=i686 -mtune=generic -O2 -pipe  -o out/conftest2.o conftest.c >&5
configure:9202: $? = 0
configure:9224: result: yes
configure:9232: checking if gcc supports -c -o file.o
configure:9279: result: yes
configure:9312: checking whether the gcc linker (/usr/bin/ld) supports shared libraries
configure:10303: result: yes
configure:10340: checking whether -lc should be explicitly linked in
configure:10345: gcc -c -march=i686 -mtune=generic -O2 -pipe  conftest.c >&5
configure:10348: $? = 0
configure:10363: gcc -shared conftest.o  -v -Wl,-soname -Wl,conftest -o conftest 2\>\&1 \| /bin/grep  -lc  \>/dev/null 2\>\&1
configure:10366: $? = 0
configure:10378: result: no
configure:10542: checking dynamic linker characteristics
configure:10975: gcc -o conftest -march=i686 -mtune=generic -O2 -pipe  -Wl,--hash-style=gnu -Wl,--as-needed -Wl,-rpath -Wl,/foo conftest.c  >&5
configure:10975: $? = 0
configure:11205: result: GNU/Linux ld.so
configure:11307: checking how to hardcode library paths into programs
configure:11332: result: immediate
configure:11852: checking whether stripping libraries is possible
configure:11857: result: yes
configure:11892: checking if libtool supports shared libraries
configure:11894: result: yes
configure:11897: checking whether to build shared libraries
configure:11918: result: yes
configure:11921: checking whether to build static libraries
configure:11925: result: no
configure:12039: checking for pkg-config
configure:12057: found /usr/bin/pkg-config
configure:12069: result: /usr/bin/pkg-config
configure:12094: checking pkg-config is at least version 0.9.0
configure:12097: result: yes
configure:12107: checking for APPLET
configure:12116: $PKG_CONFIG --exists --print-errors "gtk+-2.0 >= $GTK_REQUIRED_VERSION
                          indicator >= $INDICATOR_REQUIRED_VERSION
                          dbusmenu-gtk-0.4 >= $DBUSMENUGTK_REQUIRED_VERSION"
configure:12121: $? = 0
configure:12138: $PKG_CONFIG --exists --print-errors "gtk+-2.0 >= $GTK_REQUIRED_VERSION
                          indicator >= $INDICATOR_REQUIRED_VERSION
                          dbusmenu-gtk-0.4 >= $DBUSMENUGTK_REQUIRED_VERSION"
configure:12143: $? = 0
configure:12208: result: yes
configure:12219: checking for SESSIONSERVICE
configure:12230: $PKG_CONFIG --exists --print-errors "dbusmenu-glib-0.4 >= $DBUSMENUGLIB_REQUIRED_VERSION
                                  dbusmenu-gtk-0.4 >= $DBUSMENUGTK_REQUIRED_VERSION
                                  dbus-glib-1
                                  gio-unix-2.0
                                  indicator >= $INDICATOR_REQUIRED_VERSION"
configure:12237: $? = 0
configure:12258: $PKG_CONFIG --exists --print-errors "dbusmenu-glib-0.4 >= $DBUSMENUGLIB_REQUIRED_VERSION
                                  dbusmenu-gtk-0.4 >= $DBUSMENUGTK_REQUIRED_VERSION
                                  dbus-glib-1
                                  gio-unix-2.0
                                  indicator >= $INDICATOR_REQUIRED_VERSION"
configure:12265: $? = 0
configure:12338: result: yes
configure:12348: checking for GTKLOGOUTHELPER
configure:12356: $PKG_CONFIG --exists --print-errors "gtk+-2.0 >= $GTK_REQUIRED_VERSION
                                   polkit-gobject-1 >= $POLKIT_REQUIRED_VERSION"
configure:12360: $? = 0
configure:12375: $PKG_CONFIG --exists --print-errors "gtk+-2.0 >= $GTK_REQUIRED_VERSION
                                   polkit-gobject-1 >= $POLKIT_REQUIRED_VERSION"
configure:12379: $? = 0
configure:12440: result: yes
configure:12451: checking for gconftool-2
configure:12469: found /usr/bin/gconftool-2
configure:12481: result: /usr/bin/gconftool-2
configure:12505: result: Using config source xml:merged:/etc/gconf/gconf.xml.defaults for schema installation
configure:12520: result: Using /usr/share/gconf/schemas as install directory for schema files
configure:12543: checking for GCONF
configure:12550: $PKG_CONFIG --exists --print-errors "gconf-2.0 >= 2.0"
configure:12553: $? = 0
configure:12566: $PKG_CONFIG --exists --print-errors "gconf-2.0 >= 2.0"
configure:12569: $? = 0
configure:12626: result: yes
configure:12705: checking locale.h usability
configure:12705: gcc -c -march=i686 -mtune=generic -O2 -pipe  conftest.c >&5
configure:12705: $? = 0
configure:12705: result: yes
configure:12705: checking locale.h presence
configure:12705: gcc -E  conftest.c
configure:12705: $? = 0
configure:12705: result: yes
configure:12705: checking for locale.h
configure:12705: result: yes
configure:12716: checking for LC_MESSAGES
configure:12732: gcc -o conftest -march=i686 -mtune=generic -O2 -pipe  -Wl,--hash-style=gnu -Wl,--as-needed conftest.c  >&5
configure:12732: $? = 0
configure:12740: result: yes
configure:12757: checking libintl.h usability
configure:12757: gcc -c -march=i686 -mtune=generic -O2 -pipe  conftest.c >&5
configure:12757: $? = 0
configure:12757: result: yes
configure:12757: checking libintl.h presence
configure:12757: gcc -E  conftest.c
configure:12757: $? = 0
configure:12757: result: yes
configure:12757: checking for libintl.h
configure:12757: result: yes
configure:12765: checking for ngettext in libc
configure:12783: gcc -o conftest -march=i686 -mtune=generic -O2 -pipe  -Wl,--hash-style=gnu -Wl,--as-needed conftest.c  >&5
configure:12783: $? = 0
configure:12792: result: yes
configure:12796: checking for dgettext in libc
configure:12814: gcc -o conftest -march=i686 -mtune=generic -O2 -pipe  -Wl,--hash-style=gnu -Wl,--as-needed conftest.c  >&5
configure:12814: $? = 0
configure:12823: result: yes
configure:12830: checking for bind_textdomain_codeset
configure:12830: gcc -o conftest -march=i686 -mtune=generic -O2 -pipe  -Wl,--hash-style=gnu -Wl,--as-needed conftest.c  >&5
configure:12830: $? = 0
configure:12830: result: yes
configure:13106: checking for msgfmt
configure:13133: result: /usr/bin/msgfmt
configure:13144: checking for dcgettext
configure:13144: gcc -o conftest -march=i686 -mtune=generic -O2 -pipe  -Wl,--hash-style=gnu -Wl,--as-needed conftest.c   >&5
conftest.c:52:6: warning: conflicting types for built-in function 'dcgettext'
configure:13144: $? = 0
configure:13144: result: yes
configure:13154: checking if msgfmt accepts -c
configure:13169: $MSGFMT -c -o /dev/null conftest.foo
configure:13172: $? = 0
configure:13174: result: yes
configure:13184: checking for gmsgfmt
configure:13215: result: /usr/bin/msgfmt
configure:13225: checking for xgettext
configure:13252: result: /usr/bin/xgettext
configure:13271: gcc -o conftest -march=i686 -mtune=generic -O2 -pipe  -Wl,--hash-style=gnu -Wl,--as-needed conftest.c   >&5
configure:13271: $? = 0
configure:13548: creating ./config.status

## ---------------------- ##
## Running config.status. ##
## ---------------------- ##

This file was extended by config.status, which was
generated by GNU Autoconf 2.67.  Invocation command line was

  CONFIG_FILES    = 
  CONFIG_HEADERS  = 
  CONFIG_LINKS    = 
  CONFIG_COMMANDS = 
  $ ./config.status 

on area51

config.status:1194: creating Makefile
config.status:1194: creating src/Makefile
config.status:1194: creating data/Makefile
config.status:1194: creating data/icons/Makefile
config.status:1194: creating data/icons/16x16/Makefile
config.status:1194: creating data/icons/16x16/actions/Makefile
config.status:1194: creating data/icons/16x16/status/Makefile
config.status:1194: creating data/icons/22x22/Makefile
config.status:1194: creating data/icons/22x22/actions/Makefile
config.status:1194: creating data/icons/22x22/status/Makefile
config.status:1194: creating data/icons/24x24/Makefile
config.status:1194: creating data/icons/24x24/actions/Makefile
config.status:1194: creating data/icons/24x24/status/Makefile
config.status:1194: creating data/icons/32x32/Makefile
config.status:1194: creating data/icons/32x32/actions/Makefile
config.status:1194: creating data/icons/32x32/status/Makefile
config.status:1194: creating data/icons/scalable/Makefile
config.status:1194: creating data/icons/scalable/actions/Makefile
config.status:1194: creating data/icons/scalable/status/Makefile
config.status:1194: creating po/Makefile.in
config.status:1194: creating config.h
config.status:1422: executing depfiles commands
config.status:1422: executing libtool commands
config.status:1422: executing default-1 commands
config.status:1422: executing po/stamp-it commands
configure:15820:

SUS Indicator Configuration:

	Prefix:        /usr


## ---------------- ##
## Cache variables. ##
## ---------------- ##

ac_cv_build=i686-pc-linux-gnu
ac_cv_c_compiler_gnu=yes
ac_cv_env_APPLET_CFLAGS_set=
ac_cv_env_APPLET_CFLAGS_value=
ac_cv_env_APPLET_LIBS_set=
ac_cv_env_APPLET_LIBS_value=
ac_cv_env_CC_set=
ac_cv_env_CC_value=
ac_cv_env_CFLAGS_set=set
ac_cv_env_CFLAGS_value='-march=i686 -mtune=generic -O2 -pipe'
ac_cv_env_CPPFLAGS_set=
ac_cv_env_CPPFLAGS_value=
ac_cv_env_CPP_set=
ac_cv_env_CPP_value=
ac_cv_env_GCONF_CFLAGS_set=
ac_cv_env_GCONF_CFLAGS_value=
ac_cv_env_GCONF_LIBS_set=
ac_cv_env_GCONF_LIBS_value=
ac_cv_env_GTKLOGOUTHELPER_CFLAGS_set=
ac_cv_env_GTKLOGOUTHELPER_CFLAGS_value=
ac_cv_env_GTKLOGOUTHELPER_LIBS_set=
ac_cv_env_GTKLOGOUTHELPER_LIBS_value=
ac_cv_env_LDFLAGS_set=set
ac_cv_env_LDFLAGS_value='-Wl,--hash-style=gnu -Wl,--as-needed'
ac_cv_env_LIBS_set=
ac_cv_env_LIBS_value=
ac_cv_env_PKG_CONFIG_LIBDIR_set=
ac_cv_env_PKG_CONFIG_LIBDIR_value=
ac_cv_env_PKG_CONFIG_PATH_set=set
ac_cv_env_PKG_CONFIG_PATH_value=:/opt/qt/lib/pkgconfig
ac_cv_env_PKG_CONFIG_set=
ac_cv_env_PKG_CONFIG_value=
ac_cv_env_SESSIONSERVICE_CFLAGS_set=
ac_cv_env_SESSIONSERVICE_CFLAGS_value=
ac_cv_env_SESSIONSERVICE_LIBS_set=
ac_cv_env_SESSIONSERVICE_LIBS_value=
ac_cv_env_build_alias_set=
ac_cv_env_build_alias_value=
ac_cv_env_host_alias_set=
ac_cv_env_host_alias_value=
ac_cv_env_target_alias_set=
ac_cv_env_target_alias_value=
ac_cv_func_bind_textdomain_codeset=yes
ac_cv_func_dcgettext=yes
ac_cv_header_dlfcn_h=yes
ac_cv_header_inttypes_h=yes
ac_cv_header_libintl_h=yes
ac_cv_header_locale_h=yes
ac_cv_header_memory_h=yes
ac_cv_header_stdc=yes
ac_cv_header_stdint_h=yes
ac_cv_header_stdlib_h=yes
ac_cv_header_string_h=yes
ac_cv_header_strings_h=yes
ac_cv_header_sys_stat_h=yes
ac_cv_header_sys_types_h=yes
ac_cv_header_unistd_h=yes
ac_cv_host=i686-pc-linux-gnu
ac_cv_objext=o
ac_cv_path_EGREP='/bin/grep -E'
ac_cv_path_FGREP='/bin/grep -F'
ac_cv_path_GCONFTOOL=/usr/bin/gconftool-2
ac_cv_path_GMSGFMT=/usr/bin/msgfmt
ac_cv_path_GREP=/bin/grep
ac_cv_path_INTLTOOL_EXTRACT=/usr/bin/intltool-extract
ac_cv_path_INTLTOOL_MERGE=/usr/bin/intltool-merge
ac_cv_path_INTLTOOL_PERL=/usr/bin/perl
ac_cv_path_INTLTOOL_UPDATE=/usr/bin/intltool-update
ac_cv_path_MSGFMT=/usr/bin/msgfmt
ac_cv_path_MSGMERGE=/usr/bin/msgmerge
ac_cv_path_SED=/bin/sed
ac_cv_path_XGETTEXT=/usr/bin/xgettext
ac_cv_path_ac_pt_PKG_CONFIG=/usr/bin/pkg-config
ac_cv_path_install='/bin/install -c'
ac_cv_path_mkdir=/bin/mkdir
ac_cv_prog_AWK=gawk
ac_cv_prog_CPP='gcc -E'
ac_cv_prog_ac_ct_AR=ar
ac_cv_prog_ac_ct_CC=gcc
ac_cv_prog_ac_ct_OBJDUMP=objdump
ac_cv_prog_ac_ct_RANLIB=ranlib
ac_cv_prog_ac_ct_STRIP=strip
ac_cv_prog_cc_c89=
ac_cv_prog_cc_g=yes
ac_cv_prog_cc_gcc_c_o=yes
ac_cv_prog_make_make_set=yes
ac_cv_search_strerror='none required'
am_cv_CC_dependencies_compiler_type=gcc3
am_cv_val_LC_MESSAGES=yes
gt_cv_func_dgettext_libc=yes
gt_cv_func_dgettext_libintl=no
gt_cv_func_ngettext_libc=yes
gt_cv_have_gettext=yes
lt_cv_deplibs_check_method=pass_all
lt_cv_file_magic_cmd='$MAGIC_CMD'
lt_cv_file_magic_test_file=
lt_cv_ld_reload_flag=-r
lt_cv_nm_interface='BSD nm'
lt_cv_objdir=.libs
lt_cv_path_LD=/usr/bin/ld
lt_cv_path_NM='/usr/bin/nm -B'
lt_cv_prog_compiler_c_o=yes
lt_cv_prog_compiler_pic_works=yes
lt_cv_prog_compiler_rtti_exceptions=no
lt_cv_prog_compiler_static_works=yes
lt_cv_prog_gnu_ld=yes
lt_cv_sys_global_symbol_pipe='sed -n -e '\''s/^.*[	 ]\([ABCDGIRSTW][ABCDGIRSTW]*\)[	 ][	 ]*\([_A-Za-z][_A-Za-z0-9]*\)$/\1 \2 \2/p'\'''
lt_cv_sys_global_symbol_to_c_name_address='sed -n -e '\''s/^: \([^ ]*\) $/  {\"\1\", (void *) 0},/p'\'' -e '\''s/^[ABCDGIRSTW]* \([^ ]*\) \([^ ]*\)$/  {"\2", (void *) \&\2},/p'\'''
lt_cv_sys_global_symbol_to_c_name_address_lib_prefix='sed -n -e '\''s/^: \([^ ]*\) $/  {\"\1\", (void *) 0},/p'\'' -e '\''s/^[ABCDGIRSTW]* \([^ ]*\) \(lib[^ ]*\)$/  {"\2", (void *) \&\2},/p'\'' -e '\''s/^[ABCDGIRSTW]* \([^ ]*\) \([^ ]*\)$/  {"lib\2", (void *) \&\2},/p'\'''
lt_cv_sys_global_symbol_to_cdecl='sed -n -e '\''s/^T .* \(.*\)$/extern int \1();/p'\'' -e '\''s/^[ABCDGIRSTW]* .* \(.*\)$/extern char \1;/p'\'''
lt_cv_sys_max_cmd_len=1572864
pkg_cv_APPLET_CFLAGS='-pthread -I/usr/include/gtk-2.0 -I/usr/lib/gtk-2.0/include -I/usr/include/atk-1.0 -I/usr/include/cairo -I/usr/include/gdk-pixbuf-2.0 -I/usr/include/pango-1.0 -I/usr/include/gio-unix-2.0/ -I/usr/include/glib-2.0 -I/usr/lib/glib-2.0/include -I/usr/include/pixman-1 -I/usr/include/freetype2 -I/usr/include/libpng14 -I/usr/include/libindicator-0.3 -I/usr/include/libdbusmenu-0.4  '
pkg_cv_APPLET_LIBS='-pthread -lindicator -ldbusmenu-gtk -ldbusmenu-glib -lgtk-x11-2.0 -lgdk-x11-2.0 -latk-1.0 -lgio-2.0 -lpangoft2-1.0 -lpangocairo-1.0 -lgdk_pixbuf-2.0 -lm -lcairo -lpng14 -lpango-1.0 -lfreetype -lfontconfig -lgobject-2.0 -lgmodule-2.0 -lgthread-2.0 -lrt -lglib-2.0  '
pkg_cv_GCONF_CFLAGS='-DORBIT2=1 -pthread -I/usr/include/gconf/2 -I/usr/include/orbit-2.0 -I/usr/include/glib-2.0 -I/usr/lib/glib-2.0/include  '
pkg_cv_GCONF_LIBS='-lgconf-2 -lglib-2.0  '
pkg_cv_GTKLOGOUTHELPER_CFLAGS='-pthread -I/usr/include/gtk-2.0 -I/usr/lib/gtk-2.0/include -I/usr/include/atk-1.0 -I/usr/include/cairo -I/usr/include/gdk-pixbuf-2.0 -I/usr/include/pango-1.0 -I/usr/include/gio-unix-2.0/ -I/usr/include/glib-2.0 -I/usr/lib/glib-2.0/include -I/usr/include/pixman-1 -I/usr/include/freetype2 -I/usr/include/libpng14 -I/usr/include/polkit-1  '
pkg_cv_GTKLOGOUTHELPER_LIBS='-pthread -lgtk-x11-2.0 -lgdk-x11-2.0 -latk-1.0 -lpangoft2-1.0 -lpangocairo-1.0 -lgdk_pixbuf-2.0 -lm -lcairo -lpng14 -lpango-1.0 -lfreetype -lfontconfig -lpolkit-gobject-1 -lgio-2.0 -lgobject-2.0 -lgmodule-2.0 -lgthread-2.0 -lrt -lglib-2.0  '
pkg_cv_SESSIONSERVICE_CFLAGS='-pthread -I/usr/include/libdbusmenu-0.4 -I/usr/include/gdk-pixbuf-2.0 -I/usr/include/gtk-2.0 -I/usr/include/libpng14 -I/usr/include/glib-2.0 -I/usr/lib/glib-2.0/include -I/usr/lib/gtk-2.0/include -I/usr/include/atk-1.0 -I/usr/include/cairo -I/usr/include/pango-1.0 -I/usr/include/gio-unix-2.0/ -I/usr/include/pixman-1 -I/usr/include/freetype2 -I/usr/include/dbus-1.0 -I/usr/lib/dbus-1.0/include -I/usr/include/libindicator-0.3  '
pkg_cv_SESSIONSERVICE_LIBS='-pthread -ldbusmenu-gtk -ldbusmenu-glib -ldbus-glib-1 -ldbus-1 -lpthread -lindicator -lgtk-x11-2.0 -lgdk-x11-2.0 -latk-1.0 -lgio-2.0 -lpangoft2-1.0 -lpangocairo-1.0 -lgdk_pixbuf-2.0 -lm -lcairo -lpng14 -lpango-1.0 -lfreetype -lfontconfig -lgobject-2.0 -lgmodule-2.0 -lgthread-2.0 -lrt -lglib-2.0  '

## ----------------- ##
## Output variables. ##
## ----------------- ##

ACLOCAL='${SHELL} /home/aj/packages/indicator-session/src/indicator-session-0.2.17/missing --run aclocal-1.11'
ALL_LINGUAS=''
AMDEPBACKSLASH='\'
AMDEP_FALSE='#'
AMDEP_TRUE=''
AMTAR='${SHELL} /home/aj/packages/indicator-session/src/indicator-session-0.2.17/missing --run tar'
AM_BACKSLASH='\'
AM_DEFAULT_VERBOSITY='0'
APPLET_CFLAGS='-pthread -I/usr/include/gtk-2.0 -I/usr/lib/gtk-2.0/include -I/usr/include/atk-1.0 -I/usr/include/cairo -I/usr/include/gdk-pixbuf-2.0 -I/usr/include/pango-1.0 -I/usr/include/gio-unix-2.0/ -I/usr/include/glib-2.0 -I/usr/lib/glib-2.0/include -I/usr/include/pixman-1 -I/usr/include/freetype2 -I/usr/include/libpng14 -I/usr/include/libindicator-0.3 -I/usr/include/libdbusmenu-0.4  '
APPLET_LIBS='-pthread -lindicator -ldbusmenu-gtk -ldbusmenu-glib -lgtk-x11-2.0 -lgdk-x11-2.0 -latk-1.0 -lgio-2.0 -lpangoft2-1.0 -lpangocairo-1.0 -lgdk_pixbuf-2.0 -lm -lcairo -lpng14 -lpango-1.0 -lfreetype -lfontconfig -lgobject-2.0 -lgmodule-2.0 -lgthread-2.0 -lrt -lglib-2.0  '
AR='ar'
AUTOCONF='${SHELL} /home/aj/packages/indicator-session/src/indicator-session-0.2.17/missing --run autoconf'
AUTOHEADER='${SHELL} /home/aj/packages/indicator-session/src/indicator-session-0.2.17/missing --run autoheader'
AUTOMAKE='${SHELL} /home/aj/packages/indicator-session/src/indicator-session-0.2.17/missing --run automake-1.11'
AWK='gawk'
CATALOGS=''
CATOBJEXT='.gmo'
CC='gcc'
CCDEPMODE='depmode=gcc3'
CFLAGS='-march=i686 -mtune=generic -O2 -pipe'
CPP='gcc -E'
CPPFLAGS=''
CYGPATH_W='echo'
DATADIRNAME='share'
DBUSSERVICEDIR='/usr/share/dbus-1/services'
DEFS='-DHAVE_CONFIG_H'
DEPDIR='.deps'
DSYMUTIL=''
DUMPBIN=''
ECHO_C=''
ECHO_N='-n'
ECHO_T=''
EGREP='/bin/grep -E'
EXEEXT=''
FGREP='/bin/grep -F'
GCONFTOOL='/usr/bin/gconftool-2'
GCONF_CFLAGS='-DORBIT2=1 -pthread -I/usr/include/gconf/2 -I/usr/include/orbit-2.0 -I/usr/include/glib-2.0 -I/usr/lib/glib-2.0/include  '
GCONF_LIBS='-lgconf-2 -lglib-2.0  '
GCONF_SCHEMAS_INSTALL_FALSE=''
GCONF_SCHEMAS_INSTALL_TRUE='#'
GCONF_SCHEMA_CONFIG_SOURCE='xml:merged:/etc/gconf/gconf.xml.defaults'
GCONF_SCHEMA_FILE_DIR='/usr/share/gconf/schemas'
GETTEXT_PACKAGE='indicator-session'
GMOFILES=''
GMSGFMT='/usr/bin/msgfmt'
GNOMELOCALEDIR='/usr/share/locale'
GREP='/bin/grep'
GTKLOGOUTHELPER_CFLAGS='-pthread -I/usr/include/gtk-2.0 -I/usr/lib/gtk-2.0/include -I/usr/include/atk-1.0 -I/usr/include/cairo -I/usr/include/gdk-pixbuf-2.0 -I/usr/include/pango-1.0 -I/usr/include/gio-unix-2.0/ -I/usr/include/glib-2.0 -I/usr/lib/glib-2.0/include -I/usr/include/pixman-1 -I/usr/include/freetype2 -I/usr/include/libpng14 -I/usr/include/polkit-1  '
GTKLOGOUTHELPER_LIBS='-pthread -lgtk-x11-2.0 -lgdk-x11-2.0 -latk-1.0 -lpangoft2-1.0 -lpangocairo-1.0 -lgdk_pixbuf-2.0 -lm -lcairo -lpng14 -lpango-1.0 -lfreetype -lfontconfig -lpolkit-gobject-1 -lgio-2.0 -lgobject-2.0 -lgmodule-2.0 -lgthread-2.0 -lrt -lglib-2.0  '
INDICATORDIR='/usr/lib/indicators/5/'
INDICATORICONSDIR='/usr/share/libindicator/icons/'
INSTALL_DATA='${INSTALL} -m 644'
INSTALL_PROGRAM='${INSTALL}'
INSTALL_SCRIPT='${INSTALL}'
INSTALL_STRIP_PROGRAM='$(install_sh) -c -s'
INSTOBJEXT='.mo'
INTLLIBS=''
INTLTOOL_CAVES_RULE='%.caves:     %.caves.in     $(INTLTOOL_MERGE) $(wildcard $(top_srcdir)/po/*.po) ; LC_ALL=C $(INTLTOOL_MERGE) -d -u -c $(top_builddir)/po/.intltool-merge-cache $(top_srcdir)/po $< $@'
INTLTOOL_DESKTOP_RULE='%.desktop:   %.desktop.in   $(INTLTOOL_MERGE) $(wildcard $(top_srcdir)/po/*.po) ; LC_ALL=C $(INTLTOOL_MERGE) -d -u -c $(top_builddir)/po/.intltool-merge-cache $(top_srcdir)/po $< $@'
INTLTOOL_DIRECTORY_RULE='%.directory: %.directory.in $(INTLTOOL_MERGE) $(wildcard $(top_srcdir)/po/*.po) ; LC_ALL=C $(INTLTOOL_MERGE) -d -u -c $(top_builddir)/po/.intltool-merge-cache $(top_srcdir)/po $< $@'
INTLTOOL_EXTRACT='/usr/bin/intltool-extract'
INTLTOOL_KBD_RULE='%.kbd:       %.kbd.in       $(INTLTOOL_MERGE) $(wildcard $(top_srcdir)/po/*.po) ; LC_ALL=C $(INTLTOOL_MERGE) -x -u -m -c $(top_builddir)/po/.intltool-merge-cache $(top_srcdir)/po $< $@'
INTLTOOL_KEYS_RULE='%.keys:      %.keys.in      $(INTLTOOL_MERGE) $(wildcard $(top_srcdir)/po/*.po) ; LC_ALL=C $(INTLTOOL_MERGE) -k -u -c $(top_builddir)/po/.intltool-merge-cache $(top_srcdir)/po $< $@'
INTLTOOL_MERGE='/usr/bin/intltool-merge'
INTLTOOL_OAF_RULE='%.oaf:       %.oaf.in       $(INTLTOOL_MERGE) $(wildcard $(top_srcdir)/po/*.po) ; LC_ALL=C $(INTLTOOL_MERGE) -o -p $(top_srcdir)/po $< $@'
INTLTOOL_PERL='/usr/bin/perl'
INTLTOOL_POLICY_RULE='%.policy:    %.policy.in    $(INTLTOOL_MERGE) $(wildcard $(top_srcdir)/po/*.po) ; LC_ALL=C $(INTLTOOL_MERGE) -x -u -c $(top_builddir)/po/.intltool-merge-cache $(top_srcdir)/po $< $@'
INTLTOOL_PONG_RULE='%.pong:      %.pong.in      $(INTLTOOL_MERGE) $(wildcard $(top_srcdir)/po/*.po) ; LC_ALL=C $(INTLTOOL_MERGE) -x -u -c $(top_builddir)/po/.intltool-merge-cache $(top_srcdir)/po $< $@'
INTLTOOL_PROP_RULE='%.prop:      %.prop.in      $(INTLTOOL_MERGE) $(wildcard $(top_srcdir)/po/*.po) ; LC_ALL=C $(INTLTOOL_MERGE) -d -u -c $(top_builddir)/po/.intltool-merge-cache $(top_srcdir)/po $< $@'
INTLTOOL_SCHEMAS_RULE='%.schemas:   %.schemas.in   $(INTLTOOL_MERGE) $(wildcard $(top_srcdir)/po/*.po) ; LC_ALL=C $(INTLTOOL_MERGE) -s -u -c $(top_builddir)/po/.intltool-merge-cache $(top_srcdir)/po $< $@'
INTLTOOL_SERVER_RULE='%.server:    %.server.in    $(INTLTOOL_MERGE) $(wildcard $(top_srcdir)/po/*.po) ; LC_ALL=C $(INTLTOOL_MERGE) -o -u -c $(top_builddir)/po/.intltool-merge-cache $(top_srcdir)/po $< $@'
INTLTOOL_SERVICE_RULE='%.service: %.service.in   $(INTLTOOL_MERGE) $(wildcard $(top_srcdir)/po/*.po) ; LC_ALL=C $(INTLTOOL_MERGE) -d -u -c $(top_builddir)/po/.intltool-merge-cache $(top_srcdir)/po $< $@'
INTLTOOL_SHEET_RULE='%.sheet:     %.sheet.in     $(INTLTOOL_MERGE) $(wildcard $(top_srcdir)/po/*.po) ; LC_ALL=C $(INTLTOOL_MERGE) -x -u -c $(top_builddir)/po/.intltool-merge-cache $(top_srcdir)/po $< $@'
INTLTOOL_SOUNDLIST_RULE='%.soundlist: %.soundlist.in $(INTLTOOL_MERGE) $(wildcard $(top_srcdir)/po/*.po) ; LC_ALL=C $(INTLTOOL_MERGE) -d -u -c $(top_builddir)/po/.intltool-merge-cache $(top_srcdir)/po $< $@'
INTLTOOL_THEME_RULE='%.theme:     %.theme.in     $(INTLTOOL_MERGE) $(wildcard $(top_srcdir)/po/*.po) ; LC_ALL=C $(INTLTOOL_MERGE) -d -u -c $(top_builddir)/po/.intltool-merge-cache $(top_srcdir)/po $< $@'
INTLTOOL_UI_RULE='%.ui:        %.ui.in        $(INTLTOOL_MERGE) $(wildcard $(top_srcdir)/po/*.po) ; LC_ALL=C $(INTLTOOL_MERGE) -x -u -c $(top_builddir)/po/.intltool-merge-cache $(top_srcdir)/po $< $@'
INTLTOOL_UPDATE='/usr/bin/intltool-update'
INTLTOOL_XAM_RULE='%.xam:       %.xml.in       $(INTLTOOL_MERGE) $(wildcard $(top_srcdir)/po/*.po) ; LC_ALL=C $(INTLTOOL_MERGE) -x -u -c $(top_builddir)/po/.intltool-merge-cache $(top_srcdir)/po $< $@'
INTLTOOL_XML_NOMERGE_RULE='%.xml:       %.xml.in       $(INTLTOOL_MERGE) ; LC_ALL=C $(INTLTOOL_MERGE) -x -u /tmp $< $@'
INTLTOOL_XML_RULE='%.xml:       %.xml.in       $(INTLTOOL_MERGE) $(wildcard $(top_srcdir)/po/*.po) ; LC_ALL=C $(INTLTOOL_MERGE) -x -u -c $(top_builddir)/po/.intltool-merge-cache $(top_srcdir)/po $< $@'
LD='/usr/bin/ld'
LDFLAGS='-Wl,--hash-style=gnu -Wl,--as-needed'
LIBOBJS=''
LIBS=''
LIBTOOL='$(SHELL) $(top_builddir)/libtool'
LIPO=''
LN_S='ln -s'
LTLIBOBJS=''
MAINT='#'
MAINTAINER_MODE_FALSE=''
MAINTAINER_MODE_TRUE='#'
MAKEINFO='${SHELL} /home/aj/packages/indicator-session/src/indicator-session-0.2.17/missing --run makeinfo'
MKDIR_P='/bin/mkdir -p'
MKINSTALLDIRS='./mkinstalldirs'
MSGFMT='/usr/bin/msgfmt'
MSGFMT_OPTS='-c'
MSGMERGE='/usr/bin/msgmerge'
NM='/usr/bin/nm -B'
NMEDIT=''
OBJDUMP='objdump'
OBJEXT='o'
OTOOL64=''
OTOOL=''
PACKAGE='indicator-session'
PACKAGE_BUGREPORT=''
PACKAGE_NAME=''
PACKAGE_STRING=''
PACKAGE_TARNAME=''
PACKAGE_URL=''
PACKAGE_VERSION=''
PATH_SEPARATOR=':'
PKG_CONFIG='/usr/bin/pkg-config'
PKG_CONFIG_LIBDIR=''
PKG_CONFIG_PATH=':/opt/qt/lib/pkgconfig'
POFILES=''
POSUB='po'
PO_IN_DATADIR_FALSE=''
PO_IN_DATADIR_TRUE=''
RANLIB='ranlib'
SED='/bin/sed'
SESSIONERVICE_CFLAGS=''
SESSIONERVICE_LIBS=''
SESSIONSERVICE_CFLAGS='-pthread -I/usr/include/libdbusmenu-0.4 -I/usr/include/gdk-pixbuf-2.0 -I/usr/include/gtk-2.0 -I/usr/include/libpng14 -I/usr/include/glib-2.0 -I/usr/lib/glib-2.0/include -I/usr/lib/gtk-2.0/include -I/usr/include/atk-1.0 -I/usr/include/cairo -I/usr/include/pango-1.0 -I/usr/include/gio-unix-2.0/ -I/usr/include/pixman-1 -I/usr/include/freetype2 -I/usr/include/dbus-1.0 -I/usr/lib/dbus-1.0/include -I/usr/include/libindicator-0.3  '
SESSIONSERVICE_LIBS='-pthread -ldbusmenu-gtk -ldbusmenu-glib -ldbus-glib-1 -ldbus-1 -lpthread -lindicator -lgtk-x11-2.0 -lgdk-x11-2.0 -latk-1.0 -lgio-2.0 -lpangoft2-1.0 -lpangocairo-1.0 -lgdk_pixbuf-2.0 -lm -lcairo -lpng14 -lpango-1.0 -lfreetype -lfontconfig -lgobject-2.0 -lgmodule-2.0 -lgthread-2.0 -lrt -lglib-2.0  '
SET_MAKE=''
SHELL='/bin/sh'
STRIP='strip'
USE_NLS='yes'
VERSION='0.2.17'
XGETTEXT='/usr/bin/xgettext'
ac_ct_CC='gcc'
ac_ct_DUMPBIN=''
am__EXEEXT_FALSE=''
am__EXEEXT_TRUE='#'
am__fastdepCC_FALSE='#'
am__fastdepCC_TRUE=''
am__include='include'
am__isrc=''
am__leading_dot='.'
am__quote=''
am__tar='${AMTAR} chof - "$$tardir"'
am__untar='${AMTAR} xf -'
bindir='${exec_prefix}/bin'
build='i686-pc-linux-gnu'
build_alias=''
build_cpu='i686'
build_os='linux-gnu'
build_vendor='pc'
datadir='${datarootdir}'
datarootdir='${prefix}/share'
docdir='${datarootdir}/doc/${PACKAGE}'
dvidir='${docdir}'
exec_prefix='${prefix}'
host='i686-pc-linux-gnu'
host_alias=''
host_cpu='i686'
host_os='linux-gnu'
host_vendor='pc'
htmldir='${docdir}'
includedir='${prefix}/include'
infodir='${datarootdir}/info'
install_sh='${SHELL} /home/aj/packages/indicator-session/src/indicator-session-0.2.17/install-sh'
libdir='${exec_prefix}/lib'
libexecdir='/usr/lib'
localedir='${datarootdir}/locale'
localstatedir='/var'
lt_ECHO='echo'
mandir='${datarootdir}/man'
mkdir_p='/bin/mkdir -p'
oldincludedir='/usr/include'
pdfdir='${docdir}'
prefix='/usr'
program_transform_name='s,x,x,'
psdir='${docdir}'
sbindir='${exec_prefix}/sbin'
sharedstatedir='${prefix}/com'
sysconfdir='/etc'
target_alias=''

## ----------- ##
## confdefs.h. ##
## ----------- ##

/* confdefs.h */
#define PACKAGE_NAME ""
#define PACKAGE_TARNAME ""
#define PACKAGE_VERSION ""
#define PACKAGE_STRING ""
#define PACKAGE_BUGREPORT ""
#define PACKAGE_URL ""
#define PACKAGE "indicator-session"
#define VERSION "0.2.17"
#define STDC_HEADERS 1
#define HAVE_SYS_TYPES_H 1
#define HAVE_SYS_STAT_H 1
#define HAVE_STDLIB_H 1
#define HAVE_STRING_H 1
#define HAVE_MEMORY_H 1
#define HAVE_STRINGS_H 1
#define HAVE_INTTYPES_H 1
#define HAVE_STDINT_H 1
#define HAVE_UNISTD_H 1
#define HAVE_DLFCN_H 1
#define LT_OBJDIR ".libs/"
#define GETTEXT_PACKAGE "indicator-session"
#define GNOMELOCALEDIR "/usr/share/locale"
#define HAVE_LOCALE_H 1
#define HAVE_LC_MESSAGES 1
#define HAVE_BIND_TEXTDOMAIN_CODESET 1
#define HAVE_GETTEXT 1
#define HAVE_DCGETTEXT 1
#define ENABLE_NLS 1

configure: exit 0
